Apache Maven 3.0.3 (r1075438; 2011-02-28 18:31:09+0100)
Maven home: C:\work\apache-maven-3.0.3\bin\..
Java version: 1.6.0_18, vendor: Sun Microsystems Inc.
Java home: C:\work\jdk1.6.0_18\jre
Default locale: fr_FR, platform encoding: Cp1252
OS name: "windows 7", version: "6.1", arch: "amd64", family: "windows"
[INFO] Error stacktraces are turned on.
[DEBUG] Reading global settings from C:\work\apache-maven-3.0.3\bin\..\conf\settings.xml
[DEBUG] Reading user settings from C:\Users\FamilleVictoor\.m2\settings.xml
[DEBUG] Using local repository at C:\Users\FamilleVictoor\.m2\repository
[DEBUG] Using manager EnhancedLocalRepositoryManager with priority 10 for C:\Users\FamilleVictoor\.m2\repository
[INFO] Scanning for projects...
[DEBUG] org.codehaus.sonar-plugins.dotnet:maven-dotnet-plugin:jar:0.6:
[DEBUG]    javax.xml.bind:jaxb-api:jar:2.2:compile
[DEBUG]       javax.xml.stream:stax-api:jar:1.0-2:compile
[DEBUG]       javax.activation:activation:jar:1.1:compile
[DEBUG]    com.sun.xml.bind:jaxb-impl:jar:2.1.12:compile
[DEBUG]    org.codehaus.sonar-plugins.dotnet:dotnet-commons:jar:0.6:compile
[DEBUG]       commons-lang:commons-lang:jar:2.4:compile
[DEBUG]       org.slf4j:slf4j-api:jar:1.5.6:compile
[DEBUG]       org.slf4j:slf4j-simple:jar:1.5.6:runtime
[DEBUG]    org.codehaus.sonar-plugins.dotnet:maven-dotnet-runtime:jar:0.6:compile
[DEBUG]    org.apache.maven:maven-plugin-api:jar:2.0:compile
[DEBUG]    org.apache.maven:maven-project:jar:2.0.4:compile
[DEBUG]       org.apache.maven:maven-settings:jar:2.0.4:compile
[DEBUG]       org.apache.maven:maven-profile:jar:2.0.4:compile
[DEBUG]       org.apache.maven:maven-model:jar:2.0.4:compile
[DEBUG]       org.apache.maven:maven-artifact-manager:jar:2.0.4:compile
[DEBUG]          org.apache.maven:maven-repository-metadata:jar:2.0.4:compile
[DEBUG]       org.apache.maven:maven-artifact:jar:2.0.4:compile
[DEBUG]       org.codehaus.plexus:plexus-container-default:jar:1.0-alpha-9:compile
[DEBUG]          classworlds:classworlds:jar:1.1-alpha-2:compile
[DEBUG]    com.pyx4j:maven-plugin-log4j:jar:1.0.1:compile
[DEBUG]       log4j:log4j:jar:1.2.14:compile
[DEBUG]    org.codehaus.plexus:plexus-utils:jar:1.5.6:compile
[DEBUG]    org.codehaus.plexus:plexus-archiver:jar:1.0-alpha-7:compile
[DEBUG]    pmd:pmd:jar:4.2.5:compile
[DEBUG]       ant:ant:jar:1.6:compile
[DEBUG]       jaxen:jaxen:jar:1.1.1:compile
[DEBUG]          dom4j:dom4j:jar:1.6.1:compile
[DEBUG]          jdom:jdom:jar:1.0:compile
[DEBUG]          xml-apis:xml-apis:jar:1.3.02:compile
[DEBUG]          xerces:xercesImpl:jar:2.6.2:compile
[DEBUG]          xom:xom:jar:1.0:compile
[DEBUG]             xerces:xmlParserAPIs:jar:2.6.2:compile
[DEBUG]       asm:asm:jar:3.1:compile
[DEBUG]       junit:junit:jar:4.5:test (scope managed from compile) (version managed from 4.4)
[DEBUG] Created new class realm maven.api
[DEBUG] Importing foreign packages into class realm maven.api
[DEBUG]   Imported: org.apache.maven.wagon.events < plexus.core
[DEBUG]   Imported: org.sonatype.aether.transfer < plexus.core
[DEBUG]   Imported: org.apache.maven.exception < plexus.core
[DEBUG]   Imported: org.sonatype.aether.metadata < plexus.core
[DEBUG]   Imported: org.codehaus.plexus.util.xml.Xpp3Dom < plexus.core
[DEBUG]   Imported: org.sonatype.aether.collection < plexus.core
[DEBUG]   Imported: org.sonatype.aether.version < plexus.core
[DEBUG]   Imported: org.apache.maven.monitor < plexus.core
[DEBUG]   Imported: org.apache.maven.wagon.repository < plexus.core
[DEBUG]   Imported: org.apache.maven.repository < plexus.core
[DEBUG]   Imported: org.apache.maven.wagon.resource < plexus.core
[DEBUG]   Imported: org.codehaus.plexus.logging < plexus.core
[DEBUG]   Imported: org.apache.maven.profiles < plexus.core
[DEBUG]   Imported: org.sonatype.aether.repository < plexus.core
[DEBUG]   Imported: org.apache.maven.classrealm < plexus.core
[DEBUG]   Imported: org.apache.maven.execution < plexus.core
[DEBUG]   Imported: org.sonatype.aether.artifact < plexus.core
[DEBUG]   Imported: org.sonatype.aether.spi < plexus.core
[DEBUG]   Imported: org.apache.maven.reporting < plexus.core
[DEBUG]   Imported: org.apache.maven.usability < plexus.core
[DEBUG]   Imported: org.codehaus.plexus.container < plexus.core
[DEBUG]   Imported: org.codehaus.plexus.component < plexus.core
[DEBUG]   Imported: org.codehaus.plexus.util.xml.pull.XmlSerializer < plexus.core
[DEBUG]   Imported: org.apache.maven.wagon.authentication < plexus.core
[DEBUG]   Imported: org.apache.maven.lifecycle < plexus.core
[DEBUG]   Imported: org.codehaus.plexus.classworlds < plexus.core
[DEBUG]   Imported: org.sonatype.aether.graph < plexus.core
[DEBUG]   Imported: org.sonatype.aether.* < plexus.core
[DEBUG]   Imported: org.apache.maven.settings < plexus.core
[DEBUG]   Imported: org.codehaus.classworlds < plexus.core
[DEBUG]   Imported: org.sonatype.aether.impl < plexus.core
[DEBUG]   Imported: org.apache.maven.wagon.* < plexus.core
[DEBUG]   Imported: org.apache.maven.toolchain < plexus.core
[DEBUG]   Imported: org.sonatype.aether.deployment < plexus.core
[DEBUG]   Imported: org.apache.maven.wagon.observers < plexus.core
[DEBUG]   Imported: org.codehaus.plexus.util.xml.pull.XmlPullParserException < plexus.core
[DEBUG]   Imported: org.codehaus.plexus.util.xml.pull.XmlPullParser < plexus.core
[DEBUG]   Imported: org.apache.maven.configuration < plexus.core
[DEBUG]   Imported: org.apache.maven.cli < plexus.core
[DEBUG]   Imported: org.sonatype.aether.installation < plexus.core
[DEBUG]   Imported: org.codehaus.plexus.context < plexus.core
[DEBUG]   Imported: org.apache.maven.wagon.authorization < plexus.core
[DEBUG]   Imported: org.apache.maven.project < plexus.core
[DEBUG]   Imported: org.apache.maven.rtinfo < plexus.core
[DEBUG]   Imported: org.codehaus.plexus.lifecycle < plexus.core
[DEBUG]   Imported: org.codehaus.plexus.configuration < plexus.core
[DEBUG]   Imported: org.apache.maven.artifact < plexus.core
[DEBUG]   Imported: org.apache.maven.model < plexus.core
[DEBUG]   Imported: org.apache.maven.* < plexus.core
[DEBUG]   Imported: org.apache.maven.wagon.proxy < plexus.core
[DEBUG]   Imported: org.sonatype.aether.resolution < plexus.core
[DEBUG]   Imported: org.apache.maven.plugin < plexus.core
[DEBUG]   Imported: org.codehaus.plexus.* < plexus.core
[DEBUG]   Imported: org.codehaus.plexus.personality < plexus.core
[DEBUG] Populating class realm maven.api
[DEBUG] Created new class realm extension>org.codehaus.sonar-plugins.dotnet:maven-dotnet-plugin:0.6
[DEBUG] Importing foreign packages into class realm extension>org.codehaus.sonar-plugins.dotnet:maven-dotnet-plugin:0.6
[DEBUG]   Imported:  < maven.api
[DEBUG] Populating class realm extension>org.codehaus.sonar-plugins.dotnet:maven-dotnet-plugin:0.6
[DEBUG]   Included: org.codehaus.sonar-plugins.dotnet:maven-dotnet-plugin:jar:0.6
[DEBUG]   Included: javax.xml.bind:jaxb-api:jar:2.2
[DEBUG]   Included: javax.xml.stream:stax-api:jar:1.0-2
[DEBUG]   Included: javax.activation:activation:jar:1.1
[DEBUG]   Included: com.sun.xml.bind:jaxb-impl:jar:2.1.12
[DEBUG]   Included: org.codehaus.sonar-plugins.dotnet:dotnet-commons:jar:0.6
[DEBUG]   Included: commons-lang:commons-lang:jar:2.4
[DEBUG]   Included: org.slf4j:slf4j-api:jar:1.5.6
[DEBUG]   Included: org.slf4j:slf4j-simple:jar:1.5.6
[DEBUG]   Included: org.codehaus.sonar-plugins.dotnet:maven-dotnet-runtime:jar:0.6
[DEBUG]   Included: com.pyx4j:maven-plugin-log4j:jar:1.0.1
[DEBUG]   Included: log4j:log4j:jar:1.2.14
[DEBUG]   Included: org.codehaus.plexus:plexus-utils:jar:1.5.6
[DEBUG]   Included: org.codehaus.plexus:plexus-archiver:jar:1.0-alpha-7
[DEBUG]   Included: pmd:pmd:jar:4.2.5
[DEBUG]   Included: ant:ant:jar:1.6
[DEBUG]   Included: jaxen:jaxen:jar:1.1.1
[DEBUG]   Included: dom4j:dom4j:jar:1.6.1
[DEBUG]   Included: jdom:jdom:jar:1.0
[DEBUG]   Included: xml-apis:xml-apis:jar:1.3.02
[DEBUG]   Included: xerces:xercesImpl:jar:2.6.2
[DEBUG]   Included: xom:xom:jar:1.0
[DEBUG]   Included: xerces:xmlParserAPIs:jar:2.6.2
[DEBUG]   Included: asm:asm:jar:3.1
[DEBUG] Extension realms for project org.codehaus.sonar-plugins.dotnet.tools:ndeps:netpack:1.2-SNAPSHOT: [ClassRealm[extension>org.codehaus.sonar-plugins.dotnet:maven-dotnet-plugin:0.6, parent: sun.misc.Launcher$AppClassLoader@32f4a24a]]
[DEBUG] Created new class realm project>org.codehaus.sonar-plugins.dotnet.tools:ndeps:1.2-SNAPSHOT
[DEBUG] Populating class realm project>org.codehaus.sonar-plugins.dotnet.tools:ndeps:1.2-SNAPSHOT
[DEBUG] Looking up lifecyle mappings for packaging netpack from ClassRealm[project>org.codehaus.sonar-plugins.dotnet.tools:ndeps:1.2-SNAPSHOT, parent: ClassRealm[maven.api, parent: null]]
[DEBUG] Resolving plugin version for org.apache.maven.plugins:maven-clean-plugin
[DEBUG] Could not find metadata org.apache.maven.plugins:maven-clean-plugin/maven-metadata.xml in local (C:\Users\FamilleVictoor\.m2\repository)
[DEBUG] Failure to find org.apache.maven.plugins:maven-clean-plugin/maven-metadata.xml in http://repository.codehaus.org was cached in the local repository, resolution will not be reattempted until the update interval of plugin.repo.codehaus.org has elapsed or updates are forced
[DEBUG] Skipped remote update check for org.apache.maven.plugins:maven-clean-plugin/maven-metadata.xml, locally cached metadata up-to-date.
[DEBUG] Resolved plugin version for org.apache.maven.plugins:maven-clean-plugin to 2.5 from repository central (http://repo1.maven.org/maven2, releases)
[DEBUG] Resolving plugin version for org.apache.maven.plugins:maven-install-plugin
[DEBUG] Could not find metadata org.apache.maven.plugins:maven-install-plugin/maven-metadata.xml in local (C:\Users\FamilleVictoor\.m2\repository)
[DEBUG] Failure to find org.apache.maven.plugins:maven-install-plugin/maven-metadata.xml in http://repository.codehaus.org was cached in the local repository, resolution will not be reattempted until the update interval of plugin.repo.codehaus.org has elapsed or updates are forced
[DEBUG] Skipped remote update check for org.apache.maven.plugins:maven-install-plugin/maven-metadata.xml, locally cached metadata up-to-date.
[DEBUG] Resolved plugin version for org.apache.maven.plugins:maven-install-plugin to 2.4 from repository central (http://repo1.maven.org/maven2, releases)
[DEBUG] Resolving plugin version for org.apache.maven.plugins:maven-deploy-plugin
[DEBUG] Could not find metadata org.apache.maven.plugins:maven-deploy-plugin/maven-metadata.xml in local (C:\Users\FamilleVictoor\.m2\repository)
[DEBUG] Failure to find org.apache.maven.plugins:maven-deploy-plugin/maven-metadata.xml in http://repository.codehaus.org was cached in the local repository, resolution will not be reattempted until the update interval of plugin.repo.codehaus.org has elapsed or updates are forced
[DEBUG] Skipped remote update check for org.apache.maven.plugins:maven-deploy-plugin/maven-metadata.xml, locally cached metadata up-to-date.
[DEBUG] Resolved plugin version for org.apache.maven.plugins:maven-deploy-plugin to 2.7 from repository central (http://repo1.maven.org/maven2, releases)
[DEBUG] Resolving plugin prefix sonar from [org.apache.maven.plugins, org.codehaus.mojo]
[DEBUG] Could not find metadata org.apache.maven.plugins/maven-metadata.xml in local (C:\Users\FamilleVictoor\.m2\repository)
[DEBUG] Failure to find org.apache.maven.plugins/maven-metadata.xml in http://repository.codehaus.org was cached in the local repository, resolution will not be reattempted until the update interval of plugin.repo.codehaus.org has elapsed or updates are forced
[DEBUG] Skipped remote update check for org.apache.maven.plugins/maven-metadata.xml, locally cached metadata up-to-date.
[DEBUG] Could not find metadata org.codehaus.mojo/maven-metadata.xml in local (C:\Users\FamilleVictoor\.m2\repository)
[DEBUG] Failure to find org.codehaus.mojo/maven-metadata.xml in http://repository.codehaus.org was cached in the local repository, resolution will not be reattempted until the update interval of plugin.repo.codehaus.org has elapsed or updates are forced
[DEBUG] Skipped remote update check for org.codehaus.mojo/maven-metadata.xml, locally cached metadata up-to-date.
[DEBUG] Resolved plugin prefix sonar to org.codehaus.mojo:sonar-maven-plugin from repository central
[DEBUG] Resolving plugin version for org.codehaus.mojo:sonar-maven-plugin
[DEBUG] Could not find metadata org.codehaus.mojo:sonar-maven-plugin/maven-metadata.xml in local (C:\Users\FamilleVictoor\.m2\repository)
[DEBUG] Failure to find org.codehaus.mojo:sonar-maven-plugin/maven-metadata.xml in http://repository.codehaus.org was cached in the local repository, resolution will not be reattempted until the update interval of plugin.repo.codehaus.org has elapsed or updates are forced
[DEBUG] Skipped remote update check for org.codehaus.mojo:sonar-maven-plugin/maven-metadata.xml, locally cached metadata up-to-date.
[DEBUG] Resolved plugin version for org.codehaus.mojo:sonar-maven-plugin to 2.0 from repository central (http://repo1.maven.org/maven2, releases)
[DEBUG] === REACTOR BUILD PLAN ================================================
[DEBUG] Project: org.codehaus.sonar-plugins.dotnet.tools:ndeps:netpack:1.2-SNAPSHOT
[DEBUG] Tasks:   [sonar:sonar]
[DEBUG] Style:   Aggregating
[DEBUG] =======================================================================
[INFO]                                                                         
[INFO] ------------------------------------------------------------------------
[INFO] Building NDeps 1.2-SNAPSHOT
[INFO] ------------------------------------------------------------------------
[DEBUG] Resolving plugin prefix sonar from [org.apache.maven.plugins, org.codehaus.mojo]
[DEBUG] Could not find metadata org.apache.maven.plugins/maven-metadata.xml in local (C:\Users\FamilleVictoor\.m2\repository)
[DEBUG] Failure to find org.apache.maven.plugins/maven-metadata.xml in http://repository.codehaus.org was cached in the local repository, resolution will not be reattempted until the update interval of plugin.repo.codehaus.org has elapsed or updates are forced
[DEBUG] Skipped remote update check for org.apache.maven.plugins/maven-metadata.xml, locally cached metadata up-to-date.
[DEBUG] Could not find metadata org.codehaus.mojo/maven-metadata.xml in local (C:\Users\FamilleVictoor\.m2\repository)
[DEBUG] Failure to find org.codehaus.mojo/maven-metadata.xml in http://repository.codehaus.org was cached in the local repository, resolution will not be reattempted until the update interval of plugin.repo.codehaus.org has elapsed or updates are forced
[DEBUG] Skipped remote update check for org.codehaus.mojo/maven-metadata.xml, locally cached metadata up-to-date.
[DEBUG] Resolved plugin prefix sonar to org.codehaus.mojo:sonar-maven-plugin from repository central
[DEBUG] Resolving plugin version for org.codehaus.mojo:sonar-maven-plugin
[DEBUG] Could not find metadata org.codehaus.mojo:sonar-maven-plugin/maven-metadata.xml in local (C:\Users\FamilleVictoor\.m2\repository)
[DEBUG] Failure to find org.codehaus.mojo:sonar-maven-plugin/maven-metadata.xml in http://repository.codehaus.org was cached in the local repository, resolution will not be reattempted until the update interval of plugin.repo.codehaus.org has elapsed or updates are forced
[DEBUG] Skipped remote update check for org.codehaus.mojo:sonar-maven-plugin/maven-metadata.xml, locally cached metadata up-to-date.
[DEBUG] Resolved plugin version for org.codehaus.mojo:sonar-maven-plugin to 2.0 from repository central (http://repo1.maven.org/maven2, releases)
[DEBUG] Lifecycle default -> [validate, initialize, generate-sources, process-sources, generate-resources, process-resources, compile, process-classes, generate-test-sources, process-test-sources, generate-test-resources, process-test-resources, test-compile, process-test-classes, test, prepare-package, package, pre-integration-test, integration-test, post-integration-test, verify, install, deploy]
[DEBUG] Lifecycle clean -> [pre-clean, clean, post-clean]
[DEBUG] Lifecycle site -> [pre-site, site, post-site, site-deploy]
[DEBUG] === PROJECT BUILD PLAN ================================================
[DEBUG] Project:       org.codehaus.sonar-plugins.dotnet.tools:ndeps:1.2-SNAPSHOT
[DEBUG] Dependencies (collect): []
[DEBUG] Dependencies (resolve): [test]
[DEBUG] Repositories (dependencies): [repo.codehaus.org (http://repository.codehaus.org, releases+snapshots), central (http://repo1.maven.org/maven2, releases)]
[DEBUG] Repositories (plugins)     : [plugin.repo.codehaus.org (http://repository.codehaus.org, releases+snapshots), central (http://repo1.maven.org/maven2, releases)]
[DEBUG] -----------------------------------------------------------------------
[DEBUG] Goal:          org.codehaus.mojo:sonar-maven-plugin:2.0:sonar (default-cli)
[DEBUG] Style:         Aggregating
[DEBUG] Configuration: <?xml version="1.0" encoding="UTF-8"?>
<configuration>
  <localRepository>${localRepository}</localRepository>
  <project default-value="${project}"/>
  <session default-value="${session}"/>
  <sonarHostURL default-value="http://localhost:9000">${sonar.host.url}</sonarHostURL>
</configuration>
[DEBUG] =======================================================================
[DEBUG] org.codehaus.sonar-plugins.dotnet.tools:ndeps:netpack:1.2-SNAPSHOT
[INFO] 
[INFO] --- sonar-maven-plugin:2.0:sonar (default-cli) @ ndeps ---
[DEBUG] org.codehaus.mojo:sonar-maven-plugin:jar:2.0:
[DEBUG]    org.apache.maven:maven-plugin-api:jar:3.0:compile
[DEBUG]    org.apache.maven:maven-model:jar:3.0:compile
[DEBUG]    org.apache.maven:maven-artifact:jar:3.0:compile
[DEBUG]    org.apache.maven:maven-core:jar:3.0:compile
[DEBUG]       org.apache.maven:maven-settings:jar:3.0:compile
[DEBUG]       org.apache.maven:maven-settings-builder:jar:3.0:compile
[DEBUG]       org.apache.maven:maven-repository-metadata:jar:3.0:compile
[DEBUG]       org.apache.maven:maven-model-builder:jar:3.0:compile
[DEBUG]       org.apache.maven:maven-aether-provider:jar:3.0:runtime
[DEBUG]       org.sonatype.aether:aether-impl:jar:1.7:compile
[DEBUG]          org.sonatype.aether:aether-spi:jar:1.7:compile
[DEBUG]       org.sonatype.aether:aether-util:jar:1.7:compile
[DEBUG]       org.codehaus.plexus:plexus-interpolation:jar:1.14:compile
[DEBUG]       org.codehaus.plexus:plexus-component-annotations:jar:1.5.5:compile
[DEBUG]       org.sonatype.plexus:plexus-sec-dispatcher:jar:1.3:compile
[DEBUG]          org.sonatype.plexus:plexus-cipher:jar:1.4:compile
[DEBUG]    org.sonatype.sisu:sisu-inject-plexus:jar:1.4.2:compile
[DEBUG]       org.sonatype.sisu:sisu-inject-bean:jar:1.4.2:compile
[DEBUG]          org.sonatype.sisu:sisu-guice:jar:noaop:2.1.7:compile
[DEBUG]    org.sonatype.aether:aether-api:jar:1.7:compile
[DEBUG]    org.codehaus.plexus:plexus-classworlds:jar:2.2.3:compile
[DEBUG]    org.codehaus.plexus:plexus-utils:jar:2.0.4:compile
[DEBUG] Created new class realm plugin>org.codehaus.mojo:sonar-maven-plugin:2.0
[DEBUG] Importing foreign packages into class realm plugin>org.codehaus.mojo:sonar-maven-plugin:2.0
[DEBUG]   Imported:  < project>org.codehaus.sonar-plugins.dotnet.tools:ndeps:1.2-SNAPSHOT
[DEBUG] Populating class realm plugin>org.codehaus.mojo:sonar-maven-plugin:2.0
[DEBUG]   Included: org.codehaus.mojo:sonar-maven-plugin:jar:2.0
[DEBUG]   Included: org.sonatype.aether:aether-util:jar:1.7
[DEBUG]   Included: org.codehaus.plexus:plexus-interpolation:jar:1.14
[DEBUG]   Included: org.codehaus.plexus:plexus-component-annotations:jar:1.5.5
[DEBUG]   Included: org.sonatype.plexus:plexus-sec-dispatcher:jar:1.3
[DEBUG]   Included: org.sonatype.plexus:plexus-cipher:jar:1.4
[DEBUG]   Included: org.sonatype.sisu:sisu-inject-bean:jar:1.4.2
[DEBUG]   Included: org.sonatype.sisu:sisu-guice:jar:noaop:2.1.7
[DEBUG]   Included: org.codehaus.plexus:plexus-utils:jar:2.0.4
[DEBUG]   Excluded: org.apache.maven:maven-plugin-api:jar:3.0
[DEBUG]   Excluded: org.apache.maven:maven-model:jar:3.0
[DEBUG]   Excluded: org.apache.maven:maven-artifact:jar:3.0
[DEBUG]   Excluded: org.apache.maven:maven-core:jar:3.0
[DEBUG]   Excluded: org.apache.maven:maven-settings:jar:3.0
[DEBUG]   Excluded: org.apache.maven:maven-settings-builder:jar:3.0
[DEBUG]   Excluded: org.apache.maven:maven-repository-metadata:jar:3.0
[DEBUG]   Excluded: org.apache.maven:maven-model-builder:jar:3.0
[DEBUG]   Excluded: org.apache.maven:maven-aether-provider:jar:3.0
[DEBUG]   Excluded: org.sonatype.aether:aether-impl:jar:1.7
[DEBUG]   Excluded: org.sonatype.aether:aether-spi:jar:1.7
[DEBUG]   Excluded: org.sonatype.sisu:sisu-inject-plexus:jar:1.4.2
[DEBUG]   Excluded: org.sonatype.aether:aether-api:jar:1.7
[DEBUG]   Excluded: org.codehaus.plexus:plexus-classworlds:jar:2.2.3
[DEBUG] Configuring mojo org.codehaus.mojo:sonar-maven-plugin:2.0:sonar from plugin realm ClassRealm[plugin>org.codehaus.mojo:sonar-maven-plugin:2.0, parent: sun.misc.Launcher$AppClassLoader@32f4a24a]
[DEBUG] Configuring mojo 'org.codehaus.mojo:sonar-maven-plugin:2.0:sonar' with basic configurator -->
[DEBUG]   (f) localRepository =        id: local
      url: file:///C:/Users/FamilleVictoor/.m2/repository/
   layout: none

[DEBUG]   (f) project = MavenProject: org.codehaus.sonar-plugins.dotnet.tools:ndeps:1.2-SNAPSHOT @ C:\work\sonar-cs\github\DependencyParser\pom.xml
[DEBUG]   (f) session = org.apache.maven.execution.MavenSession@6e72d873
[DEBUG]   (f) sonarHostURL = http://localhost:9000
[DEBUG] -- end configuration --
[INFO] Sonar version: 3.4-RC2
[DEBUG] org.codehaus.sonar:sonar-maven3-plugin:jar:3.4-RC2:
[DEBUG]    org.apache.maven.shared:maven-dependency-tree:jar:1.2:compile
[DEBUG]       org.apache.maven:maven-project:jar:2.0.7:compile (version managed from 2.0.8)
[DEBUG]          org.apache.maven:maven-settings:jar:2.0.7:compile
[DEBUG]          org.apache.maven:maven-profile:jar:2.0.7:compile
[DEBUG]          org.apache.maven:maven-model:jar:2.0.7:compile
[DEBUG]          org.apache.maven:maven-artifact-manager:jar:2.0.7:compile
[DEBUG]             org.apache.maven:maven-repository-metadata:jar:2.0.7:compile
[DEBUG]          org.apache.maven:maven-plugin-registry:jar:2.0.7:compile
[DEBUG]          org.codehaus.plexus:plexus-utils:jar:1.4.1:compile
[DEBUG]          org.apache.maven:maven-artifact:jar:2.0.7:compile
[DEBUG]          org.codehaus.plexus:plexus-container-default:jar:1.0-alpha-9-stable-1:compile
[DEBUG]             junit:junit:jar:4.10:compile (version managed from 3.8.1)
[DEBUG]                org.hamcrest:hamcrest-core:jar:1.1:compile
[DEBUG]    org.codehaus.sonar:sonar-batch:jar:3.4-RC2:compile
[DEBUG]       org.codehaus.sonar:sonar-core:jar:3.4-RC2:compile
[DEBUG]          org.mybatis:mybatis:jar:3.1.1:compile
[DEBUG]          org.codehaus.sonar:sonar-update-center-common:jar:1.3:compile
[DEBUG]          org.hibernate:hibernate-core:jar:3.3.2.GA:compile
[DEBUG]             antlr:antlr:jar:2.7.6:compile
[DEBUG]             commons-collections:commons-collections:jar:3.2.1:compile (version managed from 3.1)
[DEBUG]             dom4j:dom4j:jar:1.6.1:compile
[DEBUG]          org.hibernate:hibernate-annotations:jar:3.4.0.GA:compile
[DEBUG]             org.hibernate:ejb3-persistence:jar:1.0.2.GA:compile
[DEBUG]          org.hibernate:hibernate-commons-annotations:jar:3.1.0.GA:compile
[DEBUG]          org.hibernate:hibernate-entitymanager:jar:3.4.0.GA:compile
[DEBUG]             javassist:javassist:jar:3.4.GA:compile
[DEBUG]          geronimo-spec:geronimo-spec-jta:jar:1.0-M1:compile
[DEBUG]          commons-dbcp:commons-dbcp:jar:1.3:compile
[DEBUG]             commons-pool:commons-pool:jar:1.5.4:compile
[DEBUG]          org.codehaus.plexus:plexus-classworlds:jar:2.2.3:compile
[DEBUG]          org.slf4j:jcl-over-slf4j:jar:1.6.2:compile
[DEBUG]          org.slf4j:log4j-over-slf4j:jar:1.6.2:compile
[DEBUG]       org.codehaus.sonar:sonar-deprecated:jar:3.4-RC2:compile
[DEBUG]       org.codehaus.sonar:sonar-java-api:jar:3.4-RC2:compile
[DEBUG]       org.codehaus.sonar:sonar-plugin-api:jar:3.4-RC2:compile
[DEBUG]          org.codehaus.sonar:sonar-check-api:jar:3.4-RC2:compile
[DEBUG]          org.codehaus.sonar:sonar-colorizer:jar:3.4-RC2:compile
[DEBUG]             org.codehaus.sonar:sonar-channel:jar:3.4-RC2:compile
[DEBUG]          org.codehaus.sonar:sonar-duplications:jar:3.4-RC2:compile
[DEBUG]          org.codehaus.sonar:sonar-graph:jar:3.4-RC2:compile
[DEBUG]          com.google.guava:guava:jar:10.0.1:compile
[DEBUG]             com.google.code.findbugs:jsr305:jar:1.3.9:compile
[DEBUG]          commons-configuration:commons-configuration:jar:1.6:compile
[DEBUG]             commons-digester:commons-digester:jar:1.8:compile
[DEBUG]                commons-beanutils:commons-beanutils:jar:1.8.3:compile (version managed from 1.7.0)
[DEBUG]          commons-codec:commons-codec:jar:1.4:compile
[DEBUG]          jfree:jfreechart:jar:1.0.9:compile
[DEBUG]             jfree:jcommon:jar:1.0.12:compile
[DEBUG]          com.thoughtworks.xstream:xstream:jar:1.3.1:compile
[DEBUG]          xpp3:xpp3:jar:1.1.3.3:compile
[DEBUG]          org.codehaus.woodstox:woodstox-core-lgpl:jar:4.0.4:compile
[DEBUG]          org.codehaus.woodstox:stax2-api:jar:3.0.1:compile
[DEBUG]             stax:stax-api:jar:1.0.1:compile
[DEBUG]          org.codehaus.staxmate:staxmate:jar:2.0.0:compile
[DEBUG]          xerces:xercesImpl:jar:2.8.1:compile
[DEBUG]             xml-apis:xml-apis:jar:1.3.03:compile
[DEBUG]          xalan:xalan:jar:2.7.1:compile
[DEBUG]             xalan:serializer:jar:2.7.1:compile
[DEBUG]       org.codehaus.sonar:sonar-squid:jar:3.4-RC2:compile
[DEBUG]          commons-io:commons-io:jar:2.0.1:compile
[DEBUG]          org.picocontainer:picocontainer:jar:2.14.1:compile
[DEBUG]       commons-lang:commons-lang:jar:2.6:compile
[DEBUG]       com.google.code.gson:gson:jar:2.2.2:compile
[DEBUG]       com.googlecode.json-simple:json-simple:jar:1.1.1:compile
[DEBUG]       com.h2database:h2:jar:1.3.167:compile
[DEBUG]    org.slf4j:slf4j-api:jar:1.6.2:compile
[DEBUG]    ch.qos.logback:logback-classic:jar:0.9.30:compile
[DEBUG]       ch.qos.logback:logback-core:jar:0.9.30:compile
[DEBUG] Created new class realm plugin>org.codehaus.sonar:sonar-maven3-plugin:3.4-RC2
[DEBUG] Importing foreign packages into class realm plugin>org.codehaus.sonar:sonar-maven3-plugin:3.4-RC2
[DEBUG]   Imported:  < project>org.codehaus.sonar-plugins.dotnet.tools:ndeps:1.2-SNAPSHOT
[DEBUG] Populating class realm plugin>org.codehaus.sonar:sonar-maven3-plugin:3.4-RC2
[DEBUG]   Included: org.codehaus.sonar:sonar-maven3-plugin:jar:3.4-RC2
[DEBUG]   Included: org.apache.maven.shared:maven-dependency-tree:jar:1.2
[DEBUG]   Included: org.codehaus.plexus:plexus-utils:jar:1.4.1
[DEBUG]   Included: junit:junit:jar:4.10
[DEBUG]   Included: org.hamcrest:hamcrest-core:jar:1.1
[DEBUG]   Included: org.codehaus.sonar:sonar-batch:jar:3.4-RC2
[DEBUG]   Included: org.codehaus.sonar:sonar-core:jar:3.4-RC2
[DEBUG]   Included: org.mybatis:mybatis:jar:3.1.1
[DEBUG]   Included: org.codehaus.sonar:sonar-update-center-common:jar:1.3
[DEBUG]   Included: org.hibernate:hibernate-core:jar:3.3.2.GA
[DEBUG]   Included: antlr:antlr:jar:2.7.6
[DEBUG]   Included: commons-collections:commons-collections:jar:3.2.1
[DEBUG]   Included: dom4j:dom4j:jar:1.6.1
[DEBUG]   Included: org.hibernate:hibernate-annotations:jar:3.4.0.GA
[DEBUG]   Included: org.hibernate:ejb3-persistence:jar:1.0.2.GA
[DEBUG]   Included: org.hibernate:hibernate-commons-annotations:jar:3.1.0.GA
[DEBUG]   Included: org.hibernate:hibernate-entitymanager:jar:3.4.0.GA
[DEBUG]   Included: javassist:javassist:jar:3.4.GA
[DEBUG]   Included: geronimo-spec:geronimo-spec-jta:jar:1.0-M1
[DEBUG]   Included: commons-dbcp:commons-dbcp:jar:1.3
[DEBUG]   Included: commons-pool:commons-pool:jar:1.5.4
[DEBUG]   Included: org.slf4j:jcl-over-slf4j:jar:1.6.2
[DEBUG]   Included: org.slf4j:log4j-over-slf4j:jar:1.6.2
[DEBUG]   Included: org.codehaus.sonar:sonar-deprecated:jar:3.4-RC2
[DEBUG]   Included: org.codehaus.sonar:sonar-java-api:jar:3.4-RC2
[DEBUG]   Included: org.codehaus.sonar:sonar-plugin-api:jar:3.4-RC2
[DEBUG]   Included: org.codehaus.sonar:sonar-check-api:jar:3.4-RC2
[DEBUG]   Included: org.codehaus.sonar:sonar-colorizer:jar:3.4-RC2
[DEBUG]   Included: org.codehaus.sonar:sonar-channel:jar:3.4-RC2
[DEBUG]   Included: org.codehaus.sonar:sonar-duplications:jar:3.4-RC2
[DEBUG]   Included: org.codehaus.sonar:sonar-graph:jar:3.4-RC2
[DEBUG]   Included: com.google.guava:guava:jar:10.0.1
[DEBUG]   Included: com.google.code.findbugs:jsr305:jar:1.3.9
[DEBUG]   Included: commons-configuration:commons-configuration:jar:1.6
[DEBUG]   Included: commons-digester:commons-digester:jar:1.8
[DEBUG]   Included: commons-beanutils:commons-beanutils:jar:1.8.3
[DEBUG]   Included: commons-codec:commons-codec:jar:1.4
[DEBUG]   Included: jfree:jfreechart:jar:1.0.9
[DEBUG]   Included: jfree:jcommon:jar:1.0.12
[DEBUG]   Included: com.thoughtworks.xstream:xstream:jar:1.3.1
[DEBUG]   Included: xpp3:xpp3:jar:1.1.3.3
[DEBUG]   Included: org.codehaus.woodstox:woodstox-core-lgpl:jar:4.0.4
[DEBUG]   Included: org.codehaus.woodstox:stax2-api:jar:3.0.1
[DEBUG]   Included: stax:stax-api:jar:1.0.1
[DEBUG]   Included: org.codehaus.staxmate:staxmate:jar:2.0.0
[DEBUG]   Included: xerces:xercesImpl:jar:2.8.1
[DEBUG]   Included: xml-apis:xml-apis:jar:1.3.03
[DEBUG]   Included: xalan:xalan:jar:2.7.1
[DEBUG]   Included: xalan:serializer:jar:2.7.1
[DEBUG]   Included: org.codehaus.sonar:sonar-squid:jar:3.4-RC2
[DEBUG]   Included: commons-io:commons-io:jar:2.0.1
[DEBUG]   Included: org.picocontainer:picocontainer:jar:2.14.1
[DEBUG]   Included: commons-lang:commons-lang:jar:2.6
[DEBUG]   Included: com.google.code.gson:gson:jar:2.2.2
[DEBUG]   Included: com.googlecode.json-simple:json-simple:jar:1.1.1
[DEBUG]   Included: com.h2database:h2:jar:1.3.167
[DEBUG]   Included: org.slf4j:slf4j-api:jar:1.6.2
[DEBUG]   Included: ch.qos.logback:logback-classic:jar:0.9.30
[DEBUG]   Included: ch.qos.logback:logback-core:jar:0.9.30
[DEBUG]   Excluded: org.apache.maven:maven-project:jar:2.0.7
[DEBUG]   Excluded: org.apache.maven:maven-settings:jar:2.0.7
[DEBUG]   Excluded: org.apache.maven:maven-profile:jar:2.0.7
[DEBUG]   Excluded: org.apache.maven:maven-model:jar:2.0.7
[DEBUG]   Excluded: org.apache.maven:maven-artifact-manager:jar:2.0.7
[DEBUG]   Excluded: org.apache.maven:maven-repository-metadata:jar:2.0.7
[DEBUG]   Excluded: org.apache.maven:maven-plugin-registry:jar:2.0.7
[DEBUG]   Excluded: org.apache.maven:maven-artifact:jar:2.0.7
[DEBUG]   Excluded: org.codehaus.plexus:plexus-container-default:jar:1.0-alpha-9-stable-1
[DEBUG]   Excluded: org.codehaus.plexus:plexus-classworlds:jar:2.2.3
[DEBUG] Configuring mojo org.codehaus.sonar:sonar-maven3-plugin:3.4-RC2:sonar from plugin realm ClassRealm[plugin>org.codehaus.sonar:sonar-maven3-plugin:3.4-RC2, parent: ClassRealm[plugin>org.codehaus.mojo:sonar-maven-plugin:2.0, parent: sun.misc.Launcher$AppClassLoader@32f4a24a]]
[DEBUG] Configuring mojo 'org.codehaus.sonar:sonar-maven3-plugin:3.4-RC2:sonar' with basic configurator -->
[DEBUG]   (f) localRepository =        id: local
      url: file:///C:/Users/FamilleVictoor/.m2/repository/
   layout: none

[DEBUG]   (f) project = MavenProject: org.codehaus.sonar-plugins.dotnet.tools:ndeps:1.2-SNAPSHOT @ C:\work\sonar-cs\github\DependencyParser\pom.xml
[DEBUG]   (f) session = org.apache.maven.execution.MavenSession@6e72d873
[DEBUG] -- end configuration --
[DEBUG] [23:21:26.954] Temporary directory: C:\Users\FAMILL~1\AppData\Local\Temp\sonar-batch3711854233345421905229870404536667
[INFO] [23:21:26.979] Load project settings
[DEBUG] [23:21:26.985] Download: http://localhost:9000/batch_bootstrap/properties?project=org.codehaus.sonar-plugins.dotnet.tools:ndeps (no proxy)
[INFO] [23:21:27.068] Install plugins
[DEBUG] [23:21:27.068] Downloading index of plugins
[DEBUG] [23:21:27.069] Download: http://localhost:9000/deploy/plugins/index.txt (no proxy)
[DEBUG] [23:21:27.085] Downloading plugin findbugs into C:\Users\FAMILL~1\AppData\Local\Temp\sonar-batch3711854233345421905229870404536667\plugins\findbugs
[DEBUG] [23:21:27.091] Download: http://localhost:9000/deploy/plugins/findbugs/sonar-findbugs-plugin-1.1-RC2.jar (no proxy)
[DEBUG] [23:21:27.267] Excluded plugin: findbugs
[DEBUG] [23:21:27.268] Downloading plugin dotnetgendarme into C:\Users\FAMILL~1\AppData\Local\Temp\sonar-batch3711854233345421905229870404536667\plugins\dotnetgendarme
[DEBUG] [23:21:27.268] Download: http://localhost:9000/deploy/plugins/dotnetgendarme/sonar-dotnet-gendarme-plugin-2.1-SNAPSHOT.jar (no proxy)
[DEBUG] [23:21:27.291] Excluded plugin: dotnetgendarme
[DEBUG] [23:21:27.292] Downloading plugin dotnetndeps into C:\Users\FAMILL~1\AppData\Local\Temp\sonar-batch3711854233345421905229870404536667\plugins\dotnetndeps
[DEBUG] [23:21:27.292] Download: http://localhost:9000/deploy/plugins/dotnetndeps/sonar-dotnet-ndeps-plugin-2.1-SNAPSHOT.jar (no proxy)
[DEBUG] [23:21:27.307] Excluded plugin: dotnetndeps
[DEBUG] [23:21:27.309] Downloading plugin dotnetgallio into C:\Users\FAMILL~1\AppData\Local\Temp\sonar-batch3711854233345421905229870404536667\plugins\dotnetgallio
[DEBUG] [23:21:27.309] Download: http://localhost:9000/deploy/plugins/dotnetgallio/sonar-dotnet-gallio-plugin-2.1-SNAPSHOT.jar (no proxy)
[DEBUG] [23:21:27.318] Excluded plugin: dotnetgallio
[DEBUG] [23:21:27.319] Downloading plugin jacoco into C:\Users\FAMILL~1\AppData\Local\Temp\sonar-batch3711854233345421905229870404536667\plugins\jacoco
[DEBUG] [23:21:27.319] Download: http://localhost:9000/deploy/plugins/jacoco/sonar-jacoco-plugin-1.1-RC2.jar (no proxy)
[DEBUG] [23:21:27.343] Excluded plugin: jacoco
[DEBUG] [23:21:27.344] Downloading plugin l10nen into C:\Users\FAMILL~1\AppData\Local\Temp\sonar-batch3711854233345421905229870404536667\plugins\l10nen
[DEBUG] [23:21:27.345] Download: http://localhost:9000/deploy/plugins/l10nen/sonar-l10n-en-plugin-3.4-RC2.jar (no proxy)
[DEBUG] [23:21:27.353] Excluded plugin: l10nen
[DEBUG] [23:21:27.354] Downloading plugin pitest into C:\Users\FAMILL~1\AppData\Local\Temp\sonar-batch3711854233345421905229870404536667\plugins\pitest
[DEBUG] [23:21:27.354] Download: http://localhost:9000/deploy/plugins/pitest/sonar-pitest-plugin-0.2-SNAPSHOT.jar (no proxy)
[DEBUG] [23:21:27.460] Excluded plugin: pitest
[DEBUG] [23:21:27.461] Downloading plugin csharpstylecop into C:\Users\FAMILL~1\AppData\Local\Temp\sonar-batch3711854233345421905229870404536667\plugins\csharpstylecop
[DEBUG] [23:21:27.461] Download: http://localhost:9000/deploy/plugins/csharpstylecop/sonar-csharp-stylecop-plugin-2.1-SNAPSHOT.jar (no proxy)
[DEBUG] [23:21:27.479] Excluded plugin: csharpstylecop
[DEBUG] [23:21:27.480] Downloading plugin dotnetfxcop into C:\Users\FAMILL~1\AppData\Local\Temp\sonar-batch3711854233345421905229870404536667\plugins\dotnetfxcop
[DEBUG] [23:21:27.481] Download: http://localhost:9000/deploy/plugins/dotnetfxcop/sonar-dotnet-fxcop-plugin-2.1-SNAPSHOT.jar (no proxy)
[DEBUG] [23:21:27.491] Excluded plugin: dotnetfxcop
[DEBUG] [23:21:27.492] Downloading plugin surefire into C:\Users\FAMILL~1\AppData\Local\Temp\sonar-batch3711854233345421905229870404536667\plugins\surefire
[DEBUG] [23:21:27.492] Download: http://localhost:9000/deploy/plugins/surefire/sonar-surefire-plugin-1.1-RC2.jar (no proxy)
[DEBUG] [23:21:27.497] Excluded plugin: surefire
[DEBUG] [23:21:27.498] Downloading plugin cpd into C:\Users\FAMILL~1\AppData\Local\Temp\sonar-batch3711854233345421905229870404536667\plugins\cpd
[DEBUG] [23:21:27.498] Download: http://localhost:9000/deploy/plugins/cpd/sonar-cpd-plugin-3.4-RC2.jar (no proxy)
[DEBUG] [23:21:27.503] Excluded plugin: cpd
[DEBUG] [23:21:27.504] Downloading plugin checkstyle into C:\Users\FAMILL~1\AppData\Local\Temp\sonar-batch3711854233345421905229870404536667\plugins\checkstyle
[DEBUG] [23:21:27.504] Download: http://localhost:9000/deploy/plugins/checkstyle/sonar-checkstyle-plugin-1.1-RC2.jar (no proxy)
[DEBUG] [23:21:27.525] Download: http://localhost:9000/deploy/plugins/checkstyle/README.txt (no proxy)
[DEBUG] [23:21:27.550] Excluded plugin: checkstyle
[DEBUG] [23:21:27.551] Downloading plugin pmd into C:\Users\FAMILL~1\AppData\Local\Temp\sonar-batch3711854233345421905229870404536667\plugins\pmd
[DEBUG] [23:21:27.551] Download: http://localhost:9000/deploy/plugins/pmd/sonar-pmd-plugin-1.1-RC2.jar (no proxy)
[DEBUG] [23:21:27.577] Download: http://localhost:9000/deploy/plugins/pmd/README.txt (no proxy)
[DEBUG] [23:21:27.611] Excluded plugin: pmd
[DEBUG] [23:21:27.612] Downloading plugin core into C:\Users\FAMILL~1\AppData\Local\Temp\sonar-batch3711854233345421905229870404536667\plugins\core
[DEBUG] [23:21:27.612] Download: http://localhost:9000/deploy/plugins/core/sonar-core-plugin-3.4-RC2.jar (no proxy)
[DEBUG] [23:21:27.619] Excluded plugin: core
[DEBUG] [23:21:27.620] Downloading plugin java into C:\Users\FAMILL~1\AppData\Local\Temp\sonar-batch3711854233345421905229870404536667\plugins\java
[DEBUG] [23:21:27.621] Download: http://localhost:9000/deploy/plugins/java/sonar-java-plugin-1.1-RC2.jar (no proxy)
[DEBUG] [23:21:27.629] Excluded plugin: java
[DEBUG] [23:21:27.630] Downloading plugin dotnet into C:\Users\FAMILL~1\AppData\Local\Temp\sonar-batch3711854233345421905229870404536667\plugins\dotnet
[DEBUG] [23:21:27.631] Download: http://localhost:9000/deploy/plugins/dotnet/sonar-dotnet-plugin-2.1-SNAPSHOT.jar (no proxy)
[DEBUG] [23:21:27.636] Excluded plugin: dotnet
[DEBUG] [23:21:27.637] Downloading plugin dbcleaner into C:\Users\FAMILL~1\AppData\Local\Temp\sonar-batch3711854233345421905229870404536667\plugins\dbcleaner
[DEBUG] [23:21:27.637] Download: http://localhost:9000/deploy/plugins/dbcleaner/sonar-dbcleaner-plugin-3.4-RC2.jar (no proxy)
[DEBUG] [23:21:27.643] Excluded plugin: dbcleaner
[DEBUG] [23:21:27.644] Downloading plugin csharp into C:\Users\FAMILL~1\AppData\Local\Temp\sonar-batch3711854233345421905229870404536667\plugins\csharp
[DEBUG] [23:21:27.644] Download: http://localhost:9000/deploy/plugins/csharp/sonar-csharp-plugin-2.1-SNAPSHOT.jar (no proxy)
[DEBUG] [23:21:27.672] Excluded plugin: csharp
[DEBUG] [23:21:27.673] Downloading plugin squidjava into C:\Users\FAMILL~1\AppData\Local\Temp\sonar-batch3711854233345421905229870404536667\plugins\squidjava
[DEBUG] [23:21:27.673] Download: http://localhost:9000/deploy/plugins/squidjava/sonar-squid-java-plugin-1.1-RC2.jar (no proxy)
[DEBUG] [23:21:27.712] Excluded plugin: squidjava
[DEBUG] [23:21:27.713] Downloading plugin cobertura into C:\Users\FAMILL~1\AppData\Local\Temp\sonar-batch3711854233345421905229870404536667\plugins\cobertura
[DEBUG] [23:21:27.713] Download: http://localhost:9000/deploy/plugins/cobertura/sonar-cobertura-plugin-1.1-RC2.jar (no proxy)
[DEBUG] [23:21:27.717] Excluded plugin: cobertura
[DEBUG] [23:21:27.718] Downloading plugin emailnotifications into C:\Users\FAMILL~1\AppData\Local\Temp\sonar-batch3711854233345421905229870404536667\plugins\emailnotifications
[DEBUG] [23:21:27.718] Download: http://localhost:9000/deploy/plugins/emailnotifications/sonar-email-notifications-plugin-3.4-RC2.jar (no proxy)
[DEBUG] [23:21:27.744] Excluded plugin: emailnotifications
[DEBUG] [23:21:27.745] Downloading plugin design into C:\Users\FAMILL~1\AppData\Local\Temp\sonar-batch3711854233345421905229870404536667\plugins\design
[DEBUG] [23:21:27.745] Download: http://localhost:9000/deploy/plugins/design/sonar-design-plugin-3.4-RC2.jar (no proxy)
[DEBUG] [23:21:27.759] Excluded plugin: design
[DEBUG] [23:21:27.760] Downloading plugin buildbreaker into C:\Users\FAMILL~1\AppData\Local\Temp\sonar-batch3711854233345421905229870404536667\plugins\buildbreaker
[DEBUG] [23:21:27.760] Download: http://localhost:9000/deploy/plugins/buildbreaker/sonar-build-breaker-plugin-1.1-SNAPSHOT.jar (no proxy)
[DEBUG] [23:21:27.764] Excluded plugin: buildbreaker
[DEBUG] [23:21:28.601] Load metrics
[DEBUG] [23:21:30.876] Loaded 2469 properties from l10n bundles
[DEBUG] [23:21:30.882] Executing VisualStudioProjectBuilder
[INFO] [23:21:30.882] The old .NET parameter 'dotnet.tool.version' has been found and will be used. Its value: '4.0'
[INFO] [23:21:30.884] The old .NET parameter 'dotnet.4.0.sdk.directory' has been found and will be used. Its value: 'C:/Windows/Microsoft.NET/Framework/v4.0.30319'
[INFO] [23:21:30.884] The old .NET parameter 'silverlight.4.mscorlib.location' has been found and will be used. Its value: 'C:/Program Files (x86)/Reference Assemblies/Microsoft/Framework/Silverlight/v4.0'
[INFO] [23:21:30.884] The old .NET parameter 'visual.studio.solution' has been found and will be used. Its value: 'DependencyParser.sln'
[INFO] [23:21:30.885] The following 'sln' file has been found and will be used: C:\work\sonar-cs\github\DependencyParser\DependencyParser.sln
[INFO] [23:21:30.885] The old .NET parameter 'visual.test.project.pattern' has been found and will be used. Its value: '*.Tests;*Test'
[INFO] [23:21:31.660] The project 'DependencyParser.Test' has been qualified as a test project.
[DEBUG] [23:21:31.663] - Root Project: NDeps
[DEBUG] [23:21:31.663]   - Adding Sub Project => DependencyParser
[DEBUG] [23:21:31.663]   - Adding Sub Project => DependencyParser.Test
[INFO] [23:21:31.663] Apply project exclusions
[INFO] [23:21:31.664] Install JDBC driver
[DEBUG] [23:21:31.664] Download: http://localhost:9000/deploy/jdbc-driver.jar (no proxy)
[WARN] [23:21:36.698] H2 database should be used for evaluation purpose only
[INFO] [23:21:36.698] Create JDBC datasource for jdbc:h2:tcp://localhost/sonar
[DEBUG] [23:21:36.815] Testing JDBC connection
[INFO] [23:21:36.825] Initializing Hibernate
[DEBUG] [23:21:36.828] hibernate.generate_statistics: false
[DEBUG] [23:21:36.828] hibernate.dialect: org.hibernate.dialect.H2Dialect
[DEBUG] [23:21:36.828] hibernate.connection.provider_class: org.sonar.jpa.session.CustomHibernateConnectionProvider
[DEBUG] [23:21:36.828] hibernate.hbm2ddl.auto: validate
[DEBUG] [23:21:39.751] Acquire semaphore on project : org.sonar.api.resources.Project@1d569936[id=2512,key=org.codehaus.sonar-plugins.dotnet.tools:ndeps,qualifier=TRK], with key batch-org.codehaus.sonar-plugins.dotnet.tools:ndeps
[DEBUG] [23:21:39.773] Download: http://localhost:9000/api/server (no proxy)
[INFO] [23:21:39.827] -------------  Analyzing DependencyParser
[INFO] [23:21:39.830] Load module settings
[INFO] [23:21:41.159] Quality profile : [name=Sonar way,language=cs]
[INFO] [23:21:41.192] Configure maven plugins...
[INFO] [23:21:41.328] Compare to previous analysis
[INFO] [23:21:41.384] Compare over 5 days (2013-02-11)
[INFO] [23:21:41.421] Compare over 30 days (2013-01-17)
[DEBUG] [23:21:41.449] Creating a ReportOptionsBuilder in a java runner ctx
[DEBUG] [23:21:41.621] Initializers : ProjectFileSystemLogger -> CSharpProjectInitializer
[INFO] [23:21:41.621] Initializer ProjectFileSystemLogger...
[INFO] [23:21:41.623] Excluded tests: [**/package-info.java]
[INFO] [23:21:41.627] Source directories:
[INFO] [23:21:41.627]   C:\work\sonar-cs\github\DependencyParser\DependencyParser
[INFO] [23:21:41.627] Initializer ProjectFileSystemLogger done: 6 ms
[INFO] [23:21:41.628] Initializer CSharpProjectInitializer...
[INFO] [23:21:41.628] 'sonar.sourceEncoding' has not been defined: setting it to default value 'UTF-8'.
[INFO] [23:21:41.638] Initializer CSharpProjectInitializer done: 10 ms
[INFO] [23:21:41.640] The old .NET parameter 'msbuild.configurations' has been found and will be used. Its value: 'Debug,Release'
[DEBUG] [23:21:41.642] Using directory C:\work\sonar-cs\github\DependencyParser\DependencyParser for project DependencyParser with buildconfiguration Debug|AnyCPU
[INFO] [23:21:41.643] Skipping the non generated assembly of project : DependencyParser
[WARN] [23:21:41.643] No assembly to check with Gendarme
[INFO] [23:21:41.647] The old .NET parameter 'msbuild.configurations' has been found and will be used. Its value: 'Debug,Release'
[DEBUG] [23:21:41.647] Using directory C:\work\sonar-cs\github\DependencyParser\DependencyParser for project DependencyParser with buildconfiguration Debug|AnyCPU
[INFO] [23:21:41.647] Skipping the non generated assembly of project : DependencyParser
[WARN] [23:21:41.647] No assembly to check with NDeps
[INFO] [23:21:41.649] The old .NET parameter 'msbuild.configurations' has been found and will be used. Its value: 'Debug,Release'
[DEBUG] [23:21:41.650] Using directory C:\work\sonar-cs\github\DependencyParser\DependencyParser for project DependencyParser with buildconfiguration Debug|AnyCPU
[INFO] [23:21:41.650] Skipping the non generated assembly of project : DependencyParser
[WARN] [23:21:41.650] No assembly to check with FxCop
[DEBUG] [23:21:41.709] Sensors : org.sonar.plugins.csharp.core.CSharpSourceImporter@16270813 -> org.sonar.plugins.csharp.squid.CSharpSquidSensor@5c8322c1 -> org.sonar.plugins.csharp.gallio.GallioSensor@3c6b785 -> org.sonar.plugins.csharp.stylecop.StyleCopSensor$RegularStyleCopSensor@4d540f1d -> CpdSensor -> ProfileSensor -> ProfileEventsSensor -> ProjectLinksSensor -> VersionEventsSensor -> org.sonar.plugins.csharp.gallio.CoverageReportSensor@6b3a7eb2
[INFO] [23:21:41.710] Sensor org.sonar.plugins.csharp.core.CSharpSourceImporter@16270813...
[INFO] [23:21:42.055] Sensor org.sonar.plugins.csharp.core.CSharpSourceImporter@16270813 done: 345 ms
[INFO] [23:21:42.056] Sensor org.sonar.plugins.csharp.squid.CSharpSquidSensor@5c8322c1...
[DEBUG] [23:21:42.287] Remove data measure from memory: comment_lines_data, id=674655
[DEBUG] [23:21:42.294] Remove data measure from memory: ncloc_data, id=674656
[DEBUG] [23:21:42.360] Remove data measure from memory: comment_lines_data, id=674657
[DEBUG] [23:21:42.367] Remove data measure from memory: ncloc_data, id=674658
[DEBUG] [23:21:42.398] Remove data measure from memory: comment_lines_data, id=674659
[DEBUG] [23:21:42.406] Remove data measure from memory: ncloc_data, id=674660
[DEBUG] [23:21:42.470] Remove data measure from memory: comment_lines_data, id=674661
[DEBUG] [23:21:42.478] Remove data measure from memory: ncloc_data, id=674662
[DEBUG] [23:21:42.529] Remove data measure from memory: comment_lines_data, id=674663
[DEBUG] [23:21:42.534] Remove data measure from memory: ncloc_data, id=674664
[DEBUG] [23:21:42.547] Remove data measure from memory: comment_lines_data, id=674665
[DEBUG] [23:21:42.553] Remove data measure from memory: ncloc_data, id=674666
[DEBUG] [23:21:42.612] Remove data measure from memory: comment_lines_data, id=674667
[DEBUG] [23:21:42.622] Remove data measure from memory: ncloc_data, id=674668
[DEBUG] [23:21:42.724] Remove data measure from memory: comment_lines_data, id=674669
[DEBUG] [23:21:42.740] Remove data measure from memory: ncloc_data, id=674670
[DEBUG] [23:21:42.757] Remove data measure from memory: comment_lines_data, id=674671
[DEBUG] [23:21:42.764] Remove data measure from memory: ncloc_data, id=674672
[DEBUG] [23:21:42.780] Remove data measure from memory: comment_lines_data, id=674673
[DEBUG] [23:21:42.787] Remove data measure from memory: ncloc_data, id=674674
[DEBUG] [23:21:42.805] Remove data measure from memory: comment_lines_data, id=674675
[DEBUG] [23:21:42.810] Remove data measure from memory: ncloc_data, id=674676
[DEBUG] [23:21:42.827] Remove data measure from memory: comment_lines_data, id=674677
[DEBUG] [23:21:42.832] Remove data measure from memory: ncloc_data, id=674678
[DEBUG] [23:21:42.852] Remove data measure from memory: comment_lines_data, id=674679
[DEBUG] [23:21:42.857] Remove data measure from memory: ncloc_data, id=674680
[DEBUG] [23:21:42.863] C# BRIDGE is indexing C:\work\sonar-cs\github\DependencyParser\DependencyParser\ArchitectureRuleEngine.cs:
[DEBUG] [23:21:42.863]   - DependencyParser.ArchitectureRuleEngine
[DEBUG] [23:21:42.863]   - DependencyParser.ArchitectureRuleEngine#FindArchitectureViolation:30
[DEBUG] [23:21:42.863]   - DependencyParser.ArchitectureRuleEngine#Init:15
[DEBUG] [23:21:42.863]   - DependencyParser.ViolationEqualityComparer
[DEBUG] [23:21:42.863]   - DependencyParser.ViolationEqualityComparer#Equals:48
[DEBUG] [23:21:42.863]   - DependencyParser.ViolationEqualityComparer#GetHashCode:53
[DEBUG] [23:21:42.881] C# BRIDGE is indexing C:\work\sonar-cs\github\DependencyParser\DependencyParser\DethOfInheritanceTreeAnalyzer.cs:
[DEBUG] [23:21:42.881]   - DependencyParser.DethOfInheritanceTreeAnalyzer
[DEBUG] [23:21:42.881]   - DependencyParser.DethOfInheritanceTreeAnalyzer#ComputeDIT:12
[DEBUG] [23:21:42.882] C# BRIDGE is indexing C:\work\sonar-cs\github\DependencyParser\DependencyParser\DesignMeasures.cs:
[DEBUG] [23:21:42.883]   - DependencyParser.DesignMeasures
[DEBUG] [23:21:42.883]   - DependencyParser.DesignMeasures#BuildFieldName:100
[DEBUG] [23:21:42.883]   - DependencyParser.DesignMeasures#BuildSignature:113
[DEBUG] [23:21:42.883]   - DependencyParser.DesignMeasures#Merge:47
[DEBUG] [23:21:42.883]   - DependencyParser.DesignMeasures#Write:58
[DEBUG] [23:21:42.883]   - DependencyParser.DesignMeasures#get_MergedTypesNames:36
[DEBUG] [23:21:42.883]   - DependencyParser.DesignMeasures#set_MergedTypesNames:31
[DEBUG] [23:21:42.883]   - DependencyParser.DesignMeasures.ReferenceComparer
[DEBUG] [23:21:42.883]   - DependencyParser.DesignMeasures.ReferenceComparer#Compare:135
[DEBUG] [23:21:42.884] C# BRIDGE is indexing C:\work\sonar-cs\github\DependencyParser\DependencyParser\DependencyAnalyzer.cs:
[DEBUG] [23:21:42.884]   - DependencyParser.DependencyAnalyzer
[DEBUG] [23:21:42.884]   - DependencyParser.DependencyAnalyzer#AddDependency:100
[DEBUG] [23:21:42.884]   - DependencyParser.DependencyAnalyzer#FilterSystemDependencies:30
[DEBUG] [23:21:42.884]   - DependencyParser.DependencyAnalyzer#FindTypeDependencies:17
[DEBUG] [23:21:42.884]   - DependencyParser.DependencyAnalyzer#FindTypeDependencies:38
[DEBUG] [23:21:42.884]   - DependencyParser.TypeEqualityComparer
[DEBUG] [23:21:42.885]   - DependencyParser.TypeEqualityComparer#Equals:126
[DEBUG] [23:21:42.885]   - DependencyParser.TypeEqualityComparer#GetHashCode:131
[DEBUG] [23:21:42.886] C# BRIDGE is indexing C:\work\sonar-cs\github\DependencyParser\DependencyParser\WildcardPatternMatcher.cs:
[DEBUG] [23:21:42.886]   - DependencyParser.WildcardPatternMatcher
[DEBUG] [23:21:42.886]   - DependencyParser.WildcardPatternMatcher#MatchWildcardString:15
[DEBUG] [23:21:42.887] C# BRIDGE is indexing C:\work\sonar-cs\github\DependencyParser\DependencyParser\ArchitectureRule.cs:
[DEBUG] [23:21:42.887]   - DependencyParser.ArchitectureRule
[DEBUG] [23:21:42.887]   - DependencyParser.ArchitectureRule#IsFromTypeApplies:16
[DEBUG] [23:21:42.887]   - DependencyParser.ArchitectureRule#IsToTypeApplies:21
[DEBUG] [23:21:42.888] C# BRIDGE is indexing C:\work\sonar-cs\github\DependencyParser\DependencyParser\SourceHelper.cs:
[DEBUG] [23:21:42.888]   - DependencyParser.SourceHelper
[DEBUG] [23:21:42.888]   - DependencyParser.SourceHelper#ExtractFirst:29
[DEBUG] [23:21:42.888]   - DependencyParser.SourceHelper#ExtractFirst:46
[DEBUG] [23:21:42.888]   - DependencyParser.SourceHelper#GetSourcePath:13
[DEBUG] [23:21:42.889] C# BRIDGE is indexing C:\work\sonar-cs\github\DependencyParser\DependencyParser\Properties\AssemblyInfo.cs:
[DEBUG] [23:21:42.890] C# BRIDGE is indexing C:\work\sonar-cs\github\DependencyParser\DependencyParser\Program.cs:
[DEBUG] [23:21:42.890]   - DependencyParser.Program
[DEBUG] [23:21:42.890]   - DependencyParser.Program#Analysis:147
[DEBUG] [23:21:42.891]   - DependencyParser.Program#GenerateMultiTypeDesignMeasures:248
[DEBUG] [23:21:42.891]   - DependencyParser.Program#GenerateTypeDesignMeasures:207
[DEBUG] [23:21:42.891]   - DependencyParser.Program#GenerateTypeMeasures:238
[DEBUG] [23:21:42.891]   - DependencyParser.Program#Main:34
[DEBUG] [23:21:42.891]   - DependencyParser.Program#ParseType:269
[DEBUG] [23:21:42.892] C# BRIDGE is indexing C:\work\sonar-cs\github\DependencyParser\DependencyParser\ArchitectureViolation.cs:
[DEBUG] [23:21:42.892]   - DependencyParser.ArchitectureViolation
[DEBUG] [23:21:42.892]   - DependencyParser.ArchitectureViolation#Write:19
[DEBUG] [23:21:42.893] C# BRIDGE is indexing C:\work\sonar-cs\github\DependencyParser\DependencyParser\SourceRegistry.cs:
[DEBUG] [23:21:42.893]   - DependencyParser.SourceRegistry
[DEBUG] [23:21:42.893]   - DependencyParser.SourceRegistry#.ctor:18
[DEBUG] [23:21:42.893]   - DependencyParser.SourceRegistry#IsMultiTypeFile:50
[DEBUG] [23:21:42.894] C# BRIDGE is indexing C:\work\sonar-cs\github\DependencyParser\DependencyParser\Lcom4Analyzer.cs:
[DEBUG] [23:21:42.894]   - DependencyParser.Lcom4Analyzer
[DEBUG] [23:21:42.894]   - DependencyParser.Lcom4Analyzer#CanBeMerged:157
[DEBUG] [23:21:42.894]   - DependencyParser.Lcom4Analyzer#CleanBlocks:163
[DEBUG] [23:21:42.894]   - DependencyParser.Lcom4Analyzer#FindLcomBlocks:34
[DEBUG] [23:21:42.894]   - DependencyParser.Lcom4Analyzer#IsEmpty:180
[DEBUG] [23:21:42.895]   - DependencyParser.Lcom4Analyzer#MergeBlocks:124
[DEBUG] [23:21:42.895]   - DependencyParser.Lcom4Analyzer#NeedToBeFiltered:110
[DEBUG] [23:21:42.895]   - DependencyParser.Lcom4Analyzer#ShouldBeRemoved:174
[DEBUG] [23:21:42.895]   - DependencyParser.Lcom4Analyzer#get_IgnorableFieldNames:24
[DEBUG] [23:21:42.895]   - DependencyParser.Lcom4Analyzer#set_IgnorableFieldNames:28
[DEBUG] [23:21:42.896] C# BRIDGE is indexing C:\work\sonar-cs\github\DependencyParser\DependencyParser\ResponseForClassAnalyzer.cs:
[DEBUG] [23:21:42.896]   - DependencyParser.ResponseForClassAnalyzer
[DEBUG] [23:21:42.896]   - DependencyParser.ResponseForClassAnalyzer#ComputeRFC:17
[DEBUG] [23:21:42.896]   - DependencyParser.ResponseForClassAnalyzer#NeedToBeFiltered:60
[DEBUG] [23:21:42.897] Locking the C# Resource Bridge and the Sonar Index: future modifications won't be possible.
[INFO] [23:21:42.897] Sensor org.sonar.plugins.csharp.squid.CSharpSquidSensor@5c8322c1 done: 841 ms
[INFO] [23:21:42.898] Sensor org.sonar.plugins.csharp.gallio.GallioSensor@3c6b785...
[INFO] [23:21:42.898] The old .NET parameter 'msbuild.configurations' has been found and will be used. Its value: 'Debug,Release'
[DEBUG] [23:21:42.898] Using directory C:\work\sonar-cs\github\DependencyParser\DependencyParser.Test\bin\Debug for project DependencyParser.Test with buildconfiguration Debug|AnyCPU
[INFO] [23:21:42.898] The old .NET parameter 'gallio.directory' has been found and will be used. Its value: 'C:/work/Gallio-3.4.14.0'
[INFO] [23:21:42.903] The old .NET parameter 'partcover.directory' has been found and will be used. Its value: 'C:/work/PartCover .NET 4.0'
[DEBUG] [23:21:42.903] Executing Gallio program...
[DEBUG] [23:21:42.906] - Gallio executable   : C:\work\Gallio-3.4.14.0\bin\Gallio.Echo.exe
[DEBUG] [23:21:42.906] - OpenCover executable: C:\work\Open Cover\OpenCover.Console.exe
[DEBUG] [23:21:42.907] - Coverage tool       : OpenCover
[DEBUG] [23:21:42.908] - Runner              : ISOLATED_APP_DOMAIN
[DEBUG] [23:21:42.908] - Report directory    : C:\work\sonar-cs\github\DependencyParser\target\sonar
[DEBUG] [23:21:42.908] - Report file         : gallio-report
[DEBUG] [23:21:42.908] - Test assemblies     :
[DEBUG] [23:21:42.908]    o C:\work\sonar-cs\github\DependencyParser\DependencyParser.Test\bin\Debug\DependencyParser.Test.dll
[DEBUG] [23:21:42.908] - Working directory   : C:\work\sonar-cs\github\DependencyParser\target\sonar
[DEBUG] [23:21:42.908] - Opencover include   : [DependencyParser]*
[DEBUG] [23:21:42.908] - Coverage report     : C:\work\sonar-cs\github\DependencyParser\target\sonar\coverage-report.xml
[INFO] [23:21:42.909] Executing command: C:\work\Open Cover\OpenCover.Console.exe -register:user -target:C:\work\Gallio-3.4.14.0\bin\Gallio.Echo.exe -targetdir:C:\work\sonar-cs\github\DependencyParser\target\sonar "-targetargs:\"/r:IsolatedAppDomain\" \"/report-directory:C:\work\sonar-cs\github\DependencyParser\target\sonar\" \"/report-name-format:gallio-report\" \"/report-type:Xml\" \"C:\work\sonar-cs\github\DependencyParser\DependencyParser.Test\bin\Debug\DependencyParser.Test.dll\"" "-filter:+[DependencyParser]* " -mergebyhash -output:C:\work\sonar-cs\github\DependencyParser\target\sonar\coverage-report.xml
[INFO] [23:21:44.771] 
[INFO] [23:21:44.796] Gallio Echo - Version 3.4 build 11
[INFO] [23:21:44.798] Get the latest version at http://www.gallio.org/
[INFO] [23:21:44.798] 
[INFO] [23:21:44.970] Start time: 23:21
[INFO] [23:21:44.982] Initializing the runtime and loading plugins.
[INFO] [23:21:46.457] Verifying test files.
[INFO] [23:21:46.561] Initializing the test runner.
[INFO] [23:21:46.576] Running the tests.
[INFO] [23:21:49.634] A fatal exception occurred while running tests.  Possible causes include invalid test runner parameters and stack overflows.
[INFO] [23:21:49.729] 	Gallio.Model.ModelException: An exception occurred while invoking a test driver. ---> Gallio.Model.ModelException: Gallio.Model.ModelException: Could not load test assembly from 'C:\work\sonar-cs\github\DependencyParser\DependencyParser.Test\bin\Debug\DependencyParser.Test.dll'. ---> System.BadImageFormatException: Could not load file or assembly 'file:///C:\work\sonar-cs\github\DependencyParser\DependencyParser.Test\bin\Debug\DependencyParser.Test.dll' or one of its dependencies. Tentative de chargement d'un programme de format incorrect.
[INFO] [23:21:49.729] 	   at System.Reflection.RuntimeAssembly._nLoad(AssemblyName fileName, String codeBase, Evidence assemblySecurity, RuntimeAssembly locationHint, StackCrawlMark& stackMark, Boolean throwOnFileNotFound, Boolean forIntrospection, Boolean suppressSecurityChecks)
[INFO] [23:21:49.729] 	   at System.Reflection.RuntimeAssembly.nLoad(AssemblyName fileName, String codeBase, Evidence assemblySecurity, RuntimeAssembly locationHint, StackCrawlMark& stackMark, Boolean throwOnFileNotFound, Boolean forIntrospection, Boolean suppressSecurityChecks)
[INFO] [23:21:49.729] 	   at System.Reflection.RuntimeAssembly.InternalLoadAssemblyName(AssemblyName assemblyRef, Evidence assemblySecurity, StackCrawlMark& stackMark, Boolean forIntrospection, Boolean suppressSecurityChecks)
[INFO] [23:21:49.729] 	   at System.Reflection.RuntimeAssembly.InternalLoadFrom(String assemblyFile, Evidence securityEvidence, Byte[] hashValue, AssemblyHashAlgorithm hashAlgorithm, Boolean forIntrospection, Boolean suppressSecurityChecks, StackCrawlMark& stackMark)
[INFO] [23:21:49.729] 	   at System.Reflection.Assembly.LoadFrom(String assemblyFile)
[INFO] [23:21:49.729] 	   at Gallio.Runtime.Loader.DefaultAssemblyLoader.LoadAssemblyFrom(String assemblyFile) in c:\Server\Projects\MbUnit v3\Work\src\Gallio\Gallio\Runtime\Loader\DefaultAssemblyLoader.cs:line 86
[INFO] [23:21:49.730] 	   at Gallio.Model.DotNetTestDriver.ExploreOrRunTask.LoadAssembly(String assemblyPath) in c:\Server\Projects\MbUnit v3\Work\src\Gallio\Gallio\Model\DotNetTestDriver.cs:line 329
[INFO] [23:21:49.730] 	   --- End of inner exception stack trace ---
[INFO] [23:21:49.730] 	   at Gallio.Model.DotNetTestDriver.ExploreOrRunTask.LoadAssembly(String assemblyPath) in c:\Server\Projects\MbUnit v3\Work\src\Gallio\Gallio\Model\DotNetTestDriver.cs:line 336
[INFO] [23:21:49.730] 	   at Gallio.Model.DotNetTestDriver.ExploreOrRunTask.ExploreOrRun(Type driverType, Object[] driverArguments, String assemblyPath, TestExplorationOptions testExplorationOptions, TestExecutionOptions testExecutionOptions, IMessageSink messageSink, IProgressMonitor progressMonitor) in c:\Server\Projects\MbUnit v3\Work\src\Gallio\Gallio\Model\DotNetTestDriver.cs:line 311
[INFO] [23:21:49.730] 	   at Gallio.Model.DotNetTestDriver.ExploreOrRunTask.RunImpl(Object[] args) in c:\Server\Projects\MbUnit v3\Work\src\Gallio\Gallio\Model\DotNetTestDriver.cs:line 304
[INFO] [23:21:49.730] 	   at Gallio.Model.Isolation.IsolatedTask.Run(Object[] args) in c:\Server\Projects\MbUnit v3\Work\src\Gallio\Gallio\Model\Isolation\IsolatedTask.cs:line 44 ---> Gallio.Model.ModelException: Could not load test assembly from 'C:\work\sonar-cs\github\DependencyParser\DependencyParser.Test\bin\Debug\DependencyParser.Test.dll'. ---> System.BadImageFormatException: Could not load file or assembly 'file:///C:\work\sonar-cs\github\DependencyParser\DependencyParser.Test\bin\Debug\DependencyParser.Test.dll' or one of its dependencies. Tentative de chargement d'un programme de format incorrect.
[INFO] [23:21:49.730] 	FileName: file:///C:\work\sonar-cs\github\DependencyParser\DependencyParser.Test\bin\Debug\DependencyParser.Test.dll
[INFO] [23:21:49.730] 	FusionLog: WRN: Assembly binding logging is turned OFF.
[INFO] [23:21:49.730] 	To enable assembly bind failure logging, set the registry value [HKLM\Software\Microsoft\Fusion!EnableLog] (DWORD) to 1.
[INFO] [23:21:49.730] 	Note: There is some performance penalty associated with assembly bind failure logging.
[INFO] [23:21:49.730] 	To turn this feature off, remove the registry value [HKLM\Software\Microsoft\Fusion!EnableLog].
[INFO] [23:21:49.730] 	
[INFO] [23:21:49.730] 	   at System.Reflection.RuntimeAssembly._nLoad(AssemblyName fileName, String codeBase, Evidence assemblySecurity, RuntimeAssembly locationHint, StackCrawlMark& stackMark, Boolean throwOnFileNotFound, Boolean forIntrospection, Boolean suppressSecurityChecks)
[INFO] [23:21:49.730] 	   at System.Reflection.RuntimeAssembly.nLoad(AssemblyName fileName, String codeBase, Evidence assemblySecurity, RuntimeAssembly locationHint, StackCrawlMark& stackMark, Boolean throwOnFileNotFound, Boolean forIntrospection, Boolean suppressSecurityChecks)
[INFO] [23:21:49.730] 	   at System.Reflection.RuntimeAssembly.InternalLoadAssemblyName(AssemblyName assemblyRef, Evidence assemblySecurity, StackCrawlMark& stackMark, Boolean forIntrospection, Boolean suppressSecurityChecks)
[INFO] [23:21:49.730] 	   at System.Reflection.RuntimeAssembly.InternalLoadFrom(String assemblyFile, Evidence securityEvidence, Byte[] hashValue, AssemblyHashAlgorithm hashAlgorithm, Boolean forIntrospection, Boolean suppressSecurityChecks, StackCrawlMark& stackMark)
[INFO] [23:21:49.730] 	   at System.Reflection.Assembly.LoadFrom(String assemblyFile)
[INFO] [23:21:49.730] 	   at Gallio.Runtime.Loader.DefaultAssemblyLoader.LoadAssemblyFrom(String assemblyFile) in c:\Server\Projects\MbUnit v3\Work\src\Gallio\Gallio\Runtime\Loader\DefaultAssemblyLoader.cs:line 86
[INFO] [23:21:49.730] 	   at Gallio.Model.DotNetTestDriver.ExploreOrRunTask.LoadAssembly(String assemblyPath) in c:\Server\Projects\MbUnit v3\Work\src\Gallio\Gallio\Model\DotNetTestDriver.cs:line 329
[INFO] [23:21:49.730] 	   --- End of inner exception stack trace ---
[INFO] [23:21:49.730] 	   at Gallio.Model.DotNetTestDriver.ExploreOrRunTask.LoadAssembly(String assemblyPath) in c:\Server\Projects\MbUnit v3\Work\src\Gallio\Gallio\Model\DotNetTestDriver.cs:line 336
[INFO] [23:21:49.730] 	   at Gallio.Model.DotNetTestDriver.ExploreOrRunTask.ExploreOrRun(Type driverType, Object[] driverArguments, String assemblyPath, TestExplorationOptions testExplorationOptions, TestExecutionOptions testExecutionOptions, IMessageSink messageSink, IProgressMonitor progressMonitor) in c:\Server\Projects\MbUnit v3\Work\src\Gallio\Gallio\Model\DotNetTestDriver.cs:line 311
[INFO] [23:21:49.730] 	   at Gallio.Model.DotNetTestDriver.ExploreOrRunTask.RunImpl(Object[] args) in c:\Server\Projects\MbUnit v3\Work\src\Gallio\Gallio\Model\DotNetTestDriver.cs:line 304
[INFO] [23:21:49.730] 	   at Gallio.Model.Isolation.IsolatedTask.Run(Object[] args) in c:\Server\Projects\MbUnit v3\Work\src\Gallio\Gallio\Model\Isolation\IsolatedTask.cs:line 44
[INFO] [23:21:49.730] 	   --- End of inner exception stack trace ---
[INFO] [23:21:49.730] 	
[INFO] [23:21:49.730] 	Server stack trace: 
[INFO] [23:21:49.730] 	   at Gallio.Model.Isolation.IsolatedTask.Run(Object[] args) in c:\Server\Projects\MbUnit v3\Work\src\Gallio\Gallio\Model\Isolation\IsolatedTask.cs:line 50
[INFO] [23:21:49.731] 	   at System.Runtime.Remoting.Messaging.StackBuilderSink._PrivateProcessMessage(IntPtr md, Object[] args, Object server, Int32 methodPtr, Boolean fExecuteInContext, Object[]& outArgs)
[INFO] [23:21:49.731] 	   at System.Runtime.Remoting.Messaging.StackBuilderSink.PrivateProcessMessage(RuntimeMethodHandle md, Object[] args, Object server, Int32 methodPtr, Boolean fExecuteInContext, Object[]& outArgs)
[INFO] [23:21:49.731] 	   at System.Runtime.Remoting.Messaging.StackBuilderSink.SyncProcessMessage(IMessage msg, Int32 methodPtr, Boolean fExecuteInContext)
[INFO] [23:21:49.731] 	
[INFO] [23:21:49.731] 	Exception rethrown at [0]: 
[INFO] [23:21:49.731] 	   at System.Runtime.Remoting.Proxies.RealProxy.HandleReturnMessage(IMessage reqMsg, IMessage retMsg)
[INFO] [23:21:49.731] 	   at System.Runtime.Remoting.Proxies.RealProxy.PrivateInvoke(MessageData& msgData, Int32 type)
[INFO] [23:21:49.731] 	   at Gallio.Model.Isolation.HostedTestIsolationContext.RunIsolatedTaskDelegate.EndInvoke(IAsyncResult result)
[INFO] [23:21:49.731] 	   at Gallio.Model.Isolation.HostedTestIsolationContext.RunIsolatedTaskInHost[TIsolatedTask](HostSetup hostSetup, StatusReporter statusReporter, Object[] args) in c:\Server\Projects\MbUnit v3\Work\src\Gallio\Gallio\Model\Isolation\HostedTestIsolationContext.cs:line 127
[INFO] [23:21:49.731] 	   at Gallio.Model.Isolation.HostedTestIsolationContext.RunIsolatedTaskImpl[TIsolatedTask](HostSetup hostSetup, StatusReporter statusReporter, Object[] args) in c:\Server\Projects\MbUnit v3\Work\src\Gallio\Gallio\Model\Isolation\HostedTestIsolationContext.cs:line 83
[INFO] [23:21:49.731] 	   at Gallio.Model.Isolation.BaseTestIsolationContext.RunIsolatedTask[TIsolatedTask](HostSetup hostSetup, StatusReporter statusReporter, Object[] args) in c:\Server\Projects\MbUnit v3\Work\src\Gallio\Gallio\Model\Isolation\BaseTestIsolationContext.cs:line 64
[INFO] [23:21:49.731] 	   at Gallio.Model.DotNetTestDriver.ExploreOrRunAssembly(ITestIsolationContext testIsolationContext, TestPackage testPackage, TestExplorationOptions testExplorationOptions, TestExecutionOptions testExecutionOptions, RemoteMessageSink remoteMessageSink, IProgressMonitor progressMonitor, String taskName, FileInfo file) in c:\Server\Projects\MbUnit v3\Work\src\Gallio\Gallio\Model\DotNetTestDriver.cs:line 195
[INFO] [23:21:49.731] 	   at Gallio.Model.DotNetTestDriver.ExploreOrRun(ITestIsolationContext testIsolationContext, TestPackage testPackage, TestExplorationOptions testExplorationOptions, TestExecutionOptions testExecutionOptions, IMessageSink messageSink, IProgressMonitor progressMonitor, String taskName) in c:\Server\Projects\MbUnit v3\Work\src\Gallio\Gallio\Model\DotNetTestDriver.cs:line 156
[INFO] [23:21:49.731] 	   at Gallio.Model.DotNetTestDriver.RunImpl(ITestIsolationContext testIsolationContext, TestPackage testPackage, TestExplorationOptions testExplorationOptions, TestExecutionOptions testExecutionOptions, IMessageSink messageSink, IProgressMonitor progressMonitor) in c:\Server\Projects\MbUnit v3\Work\src\Gallio\Gallio\Model\DotNetTestDriver.cs:line 149
[INFO] [23:21:49.731] 	   at Gallio.Model.BaseTestDriver.Run(ITestIsolationContext testIsolationContext, TestPackage testPackage, TestExplorationOptions testExplorationOptions, TestExecutionOptions testExecutionOptions, IMessageSink messageSink, IProgressMonitor progressMonitor) in c:\Server\Projects\MbUnit v3\Work\src\Gallio\Gallio\Model\BaseTestDriver.cs:line 96
[INFO] [23:21:49.731] 	   at Gallio.Model.DefaultTestFrameworkManager.FilteredTestDriver.<>c__DisplayClass1f.<RunImpl>b__1d(ITestDriver driver, IList`1 items, Int32 driverCount) in c:\Server\Projects\MbUnit v3\Work\src\Gallio\Gallio\Model\DefaultTestFrameworkManager.cs:line 469
[INFO] [23:21:49.731] 	   at Gallio.Model.DefaultTestFrameworkManager.FilteredTestDriver.ForEachDriver[T](MultiMap`2 testFrameworkPartitions, Func`4 func) in c:\Server\Projects\MbUnit v3\Work\src\Gallio\Gallio\Model\DefaultTestFrameworkManager.cs:line 528
[INFO] [23:21:49.731] 	   --- End of inner exception stack trace ---
[INFO] [23:21:49.732] 	   at Gallio.Model.DefaultTestFrameworkManager.FilteredTestDriver.ForEachDriver[T](MultiMap`2 testFrameworkPartitions, Func`4 func) in c:\Server\Projects\MbUnit v3\Work\src\Gallio\Gallio\Model\DefaultTestFrameworkManager.cs:line 539
[INFO] [23:21:49.732] 	   at Gallio.Model.DefaultTestFrameworkManager.FilteredTestDriver.RunImpl(ITestIsolationContext testIsolationContext, TestPackage testPackage, TestExplorationOptions testExplorationOptions, TestExecutionOptions testExecutionOptions, IMessageSink messageSink, IProgressMonitor progressMonitor) in c:\Server\Projects\MbUnit v3\Work\src\Gallio\Gallio\Model\DefaultTestFrameworkManager.cs:line 461
[INFO] [23:21:49.732] 	   at Gallio.Model.BaseTestDriver.Run(ITestIsolationContext testIsolationContext, TestPackage testPackage, TestExplorationOptions testExplorationOptions, TestExecutionOptions testExecutionOptions, IMessageSink messageSink, IProgressMonitor progressMonitor) in c:\Server\Projects\MbUnit v3\Work\src\Gallio\Gallio\Model\BaseTestDriver.cs:line 96
[INFO] [23:21:49.732] 	   at Gallio.Runner.DefaultTestRunner.Run(TestPackage testPackage, TestExplorationOptions testExplorationOptions, TestExecutionOptions testExecutionOptions, IProgressMonitor progressMonitor) in c:\Server\Projects\MbUnit v3\Work\src\Gallio\Gallio\Runner\DefaultTestRunner.cs:line 315
[INFO] [23:21:49.747] Generating reports.
[INFO] [23:21:51.030] Disposing the test runner.
[INFO] [23:21:51.033] Stop time: 23:21 (Total execution time: 6,153 seconds)
[INFO] [23:21:51.033] 
[INFO] [23:21:51.041] 0 run, 0 passed, 0 failed, 0 inconclusive, 0 skipped
[INFO] [23:21:51.042] 
[INFO] [23:21:51.070] Committing....
[INFO] [23:21:51.469] No results - no assemblies that matched the supplied filter were instrumented (missing PDBs?)
[INFO] [23:21:51.608] Sensor org.sonar.plugins.csharp.gallio.GallioSensor@3c6b785 done: 8710 ms
[INFO] [23:21:51.610] Sensor org.sonar.plugins.csharp.stylecop.StyleCopSensor$RegularStyleCopSensor@4d540f1d...
[INFO] [23:21:51.745] No custom analyzers settings
[INFO] [23:21:51.771] StyleCop install folder not found: 'C:\Program Files\StyleCop 4.7'. The embedded version (4.7.34.0) will be used instead.
[DEBUG] [23:21:51.774] Executing StyleCop program...
[DEBUG] [23:21:51.778] - MSBuild path          : C:\Windows\Microsoft.NET\Framework\v4.0.30319
[DEBUG] [23:21:51.778] - Application Root      : C:\work\sonar-cs\github\DependencyParser
[DEBUG] [23:21:51.778] - Target to run         : StyleCopLaunch
[DEBUG] [23:21:51.778] - MSBuild file          : C:\work\sonar-cs\github\DependencyParser\DependencyParser\target\sonar\stylecop-msbuild.xml
[INFO] [23:21:51.778] Executing command: C:\Windows\Microsoft.NET\Framework\v4.0.30319\MSBuild.exe /p:AppRoot=C:\work\sonar-cs\github\DependencyParser /target:StyleCopLaunch C:\work\sonar-cs\github\DependencyParser\DependencyParser\target\sonar\stylecop-msbuild.xml
[INFO] [23:21:51.911] Microsoft (R) Build Engine Version 4.0.30319.1
[INFO] [23:21:51.911] [Microsoft .NET Framework, Version 4.0.30319.296]
[INFO] [23:21:51.911] Copyright (C) Microsoft Corporation 2007. All rights reserved.
[INFO] [23:21:51.911] 
[INFO] [23:21:51.957] Build started 16/02/2013 23:21:51.
[INFO] [23:21:52.474] Project "C:\work\sonar-cs\github\DependencyParser\DependencyParser\target\sonar\stylecop-msbuild.xml" on node 1 (StyleCopLaunch target(s)).
[INFO] [23:21:52.474] C:\work\sonar-cs\github\DependencyParser\DependencyParser\ArchitectureRuleEngine.cs(46,1): warning : SA1402: A C# document may only contain a single class at the root level unless all of the classes are partial and are of the same type. [C:\work\sonar-cs\github\DependencyParser\DependencyParser\target\sonar\stylecop-msbuild.xml]
[INFO] [23:21:52.578] C:\work\sonar-cs\github\DependencyParser\DependencyParser\DependencyAnalyzer.cs(123,1): warning : SA1402: A C# document may only contain a single class at the root level unless all of the classes are partial and are of the same type. [C:\work\sonar-cs\github\DependencyParser\DependencyParser\target\sonar\stylecop-msbuild.xml]
[INFO] [23:21:52.580] C:\work\sonar-cs\github\DependencyParser\DependencyParser\DesignMeasures.cs(85,1): warning : SA1107: A line may only contain a single statement. [C:\work\sonar-cs\github\DependencyParser\DependencyParser\target\sonar\stylecop-msbuild.xml]
[INFO] [23:21:52.581] C:\work\sonar-cs\github\DependencyParser\DependencyParser\DesignMeasures.cs(105,1): warning : SA1107: A line may only contain a single statement. [C:\work\sonar-cs\github\DependencyParser\DependencyParser\target\sonar\stylecop-msbuild.xml]
[INFO] [23:21:52.605] C:\work\sonar-cs\github\DependencyParser\DependencyParser\Lcom4Analyzer.cs(111,11,119,39): warning : SA1119: The line contains unnecessary parenthesis. [C:\work\sonar-cs\github\DependencyParser\DependencyParser\target\sonar\stylecop-msbuild.xml]
[INFO] [23:21:52.606] C:\work\sonar-cs\github\DependencyParser\DependencyParser\Lcom4Analyzer.cs(47,1): warning : SA1107: A line may only contain a single statement. [C:\work\sonar-cs\github\DependencyParser\DependencyParser\target\sonar\stylecop-msbuild.xml]
[INFO] [23:21:52.612] C:\work\sonar-cs\github\DependencyParser\DependencyParser\Program.cs(146,1): warning : SA1400: The method must have an access modifier. [C:\work\sonar-cs\github\DependencyParser\DependencyParser\target\sonar\stylecop-msbuild.xml]
[INFO] [23:21:52.613] C:\work\sonar-cs\github\DependencyParser\DependencyParser\Program.cs(7,1): warning : SA1208: System using directives must be placed before all other using directives. [C:\work\sonar-cs\github\DependencyParser\DependencyParser\target\sonar\stylecop-msbuild.xml]
[INFO] [23:21:52.616] C:\work\sonar-cs\github\DependencyParser\DependencyParser\Program.cs(258,1): warning : SA1107: A line may only contain a single statement. [C:\work\sonar-cs\github\DependencyParser\DependencyParser\target\sonar\stylecop-msbuild.xml]
[INFO] [23:21:52.616] C:\work\sonar-cs\github\DependencyParser\DependencyParser\Program.cs(292,1): warning : SA1107: A line may only contain a single statement. [C:\work\sonar-cs\github\DependencyParser\DependencyParser\target\sonar\stylecop-msbuild.xml]
[INFO] [23:21:52.621] C:\work\sonar-cs\github\DependencyParser\DependencyParser\WildcardPatternMatcher.cs(16,1): warning : SA1121: Use the built-in type alias 'string' rather than String or System.String. [C:\work\sonar-cs\github\DependencyParser\DependencyParser\target\sonar\stylecop-msbuild.xml]
[INFO] [23:21:52.622] C:\work\sonar-cs\github\DependencyParser\DependencyParser\WildcardPatternMatcher.cs(18,1): warning : SA1121: Use the built-in type alias 'string' rather than String or System.String. [C:\work\sonar-cs\github\DependencyParser\DependencyParser\target\sonar\stylecop-msbuild.xml]
[INFO] [23:21:52.622] C:\work\sonar-cs\github\DependencyParser\DependencyParser\WildcardPatternMatcher.cs(19,1): warning : SA1121: Use the built-in type alias 'string' rather than String or System.String. [C:\work\sonar-cs\github\DependencyParser\DependencyParser\target\sonar\stylecop-msbuild.xml]
[INFO] [23:21:52.622] C:\work\sonar-cs\github\DependencyParser\DependencyParser\WildcardPatternMatcher.cs(18,1): warning : SA1107: A line may only contain a single statement. [C:\work\sonar-cs\github\DependencyParser\DependencyParser\target\sonar\stylecop-msbuild.xml]
[INFO] [23:21:52.622] C:\work\sonar-cs\github\DependencyParser\DependencyParser\WildcardPatternMatcher.cs(21,1): warning : SA1107: A line may only contain a single statement. [C:\work\sonar-cs\github\DependencyParser\DependencyParser\target\sonar\stylecop-msbuild.xml]
[INFO] [23:21:52.622] C:\work\sonar-cs\github\DependencyParser\DependencyParser\WildcardPatternMatcher.cs(24,1): warning : SA1107: A line may only contain a single statement. [C:\work\sonar-cs\github\DependencyParser\DependencyParser\target\sonar\stylecop-msbuild.xml]
[INFO] [23:21:52.623] C:\work\sonar-cs\github\DependencyParser\DependencyParser\WildcardPatternMatcher.cs(26,1): warning : SA1107: A line may only contain a single statement. [C:\work\sonar-cs\github\DependencyParser\DependencyParser\target\sonar\stylecop-msbuild.xml]
[INFO] [23:21:52.623] C:\work\sonar-cs\github\DependencyParser\DependencyParser\WildcardPatternMatcher.cs(28,1): warning : SA1107: A line may only contain a single statement. [C:\work\sonar-cs\github\DependencyParser\DependencyParser\target\sonar\stylecop-msbuild.xml]
[INFO] [23:21:52.623] C:\work\sonar-cs\github\DependencyParser\DependencyParser\WildcardPatternMatcher.cs(30,1): warning : SA1107: A line may only contain a single statement. [C:\work\sonar-cs\github\DependencyParser\DependencyParser\target\sonar\stylecop-msbuild.xml]
[INFO] [23:21:52.623] C:\work\sonar-cs\github\DependencyParser\DependencyParser\WildcardPatternMatcher.cs(33,1): warning : SA1107: A line may only contain a single statement. [C:\work\sonar-cs\github\DependencyParser\DependencyParser\target\sonar\stylecop-msbuild.xml]
[INFO] [23:21:52.623] C:\work\sonar-cs\github\DependencyParser\DependencyParser\WildcardPatternMatcher.cs(36,1): warning : SA1107: A line may only contain a single statement. [C:\work\sonar-cs\github\DependencyParser\DependencyParser\target\sonar\stylecop-msbuild.xml]
[INFO] [23:21:52.624] C:\work\sonar-cs\github\DependencyParser\DependencyParser\WildcardPatternMatcher.cs(39,1): warning : SA1107: A line may only contain a single statement. [C:\work\sonar-cs\github\DependencyParser\DependencyParser\target\sonar\stylecop-msbuild.xml]
[INFO] [23:21:52.624] C:\work\sonar-cs\github\DependencyParser\DependencyParser\WildcardPatternMatcher.cs(42,1): warning : SA1107: A line may only contain a single statement. [C:\work\sonar-cs\github\DependencyParser\DependencyParser\target\sonar\stylecop-msbuild.xml]
[INFO] [23:21:52.624] C:\work\sonar-cs\github\DependencyParser\DependencyParser\SourceRegistry.cs(32,1): warning : SA1107: A line may only contain a single statement. [C:\work\sonar-cs\github\DependencyParser\DependencyParser\target\sonar\stylecop-msbuild.xml]
[INFO] [23:21:52.624] C:\work\sonar-cs\github\DependencyParser\DependencyParser\SourceRegistry.cs(38,1): warning : SA1107: A line may only contain a single statement. [C:\work\sonar-cs\github\DependencyParser\DependencyParser\target\sonar\stylecop-msbuild.xml]
[INFO] [23:21:52.625] C:\work\sonar-cs\github\DependencyParser\DependencyParser\WildcardPatternMatcher.cs(14,1): warning : SA1121: Use the built-in type alias 'bool' rather than Boolean or System.Boolean. [C:\work\sonar-cs\github\DependencyParser\DependencyParser\target\sonar\stylecop-msbuild.xml]
[INFO] [23:21:52.625] C:\work\sonar-cs\github\DependencyParser\DependencyParser\WildcardPatternMatcher.cs(14,1): warning : SA1121: Use the built-in type alias 'string' rather than String or System.String. [C:\work\sonar-cs\github\DependencyParser\DependencyParser\target\sonar\stylecop-msbuild.xml]
[INFO] [23:21:52.625] C:\work\sonar-cs\github\DependencyParser\DependencyParser\WildcardPatternMatcher.cs(19,1): warning : SA1121: Use the built-in type alias 'char' rather than Char or System.Char. [C:\work\sonar-cs\github\DependencyParser\DependencyParser\target\sonar\stylecop-msbuild.xml]
[INFO] [23:21:52.642]   28 violations encountered.
[INFO] [23:21:52.645] Done Building Project "C:\work\sonar-cs\github\DependencyParser\DependencyParser\target\sonar\stylecop-msbuild.xml" (StyleCopLaunch target(s)).
[INFO] [23:21:52.649] 
[INFO] [23:21:52.649] Build succeeded.
[INFO] [23:21:52.650] 
[INFO] [23:21:52.650] "C:\work\sonar-cs\github\DependencyParser\DependencyParser\target\sonar\stylecop-msbuild.xml" (StyleCopLaunch target) (1) ->
[INFO] [23:21:52.650] (StyleCopLaunch target) -> 
[INFO] [23:21:52.651]   C:\work\sonar-cs\github\DependencyParser\DependencyParser\ArchitectureRuleEngine.cs(46,1): warning : SA1402: A C# document may only contain a single class at the root level unless all of the classes are partial and are of the same type. [C:\work\sonar-cs\github\DependencyParser\DependencyParser\target\sonar\stylecop-msbuild.xml]
[INFO] [23:21:52.651]   C:\work\sonar-cs\github\DependencyParser\DependencyParser\DependencyAnalyzer.cs(123,1): warning : SA1402: A C# document may only contain a single class at the root level unless all of the classes are partial and are of the same type. [C:\work\sonar-cs\github\DependencyParser\DependencyParser\target\sonar\stylecop-msbuild.xml]
[INFO] [23:21:52.651]   C:\work\sonar-cs\github\DependencyParser\DependencyParser\DesignMeasures.cs(85,1): warning : SA1107: A line may only contain a single statement. [C:\work\sonar-cs\github\DependencyParser\DependencyParser\target\sonar\stylecop-msbuild.xml]
[INFO] [23:21:52.651]   C:\work\sonar-cs\github\DependencyParser\DependencyParser\DesignMeasures.cs(105,1): warning : SA1107: A line may only contain a single statement. [C:\work\sonar-cs\github\DependencyParser\DependencyParser\target\sonar\stylecop-msbuild.xml]
[INFO] [23:21:52.651]   C:\work\sonar-cs\github\DependencyParser\DependencyParser\Lcom4Analyzer.cs(111,11,119,39): warning : SA1119: The line contains unnecessary parenthesis. [C:\work\sonar-cs\github\DependencyParser\DependencyParser\target\sonar\stylecop-msbuild.xml]
[INFO] [23:21:52.651]   C:\work\sonar-cs\github\DependencyParser\DependencyParser\Lcom4Analyzer.cs(47,1): warning : SA1107: A line may only contain a single statement. [C:\work\sonar-cs\github\DependencyParser\DependencyParser\target\sonar\stylecop-msbuild.xml]
[INFO] [23:21:52.651]   C:\work\sonar-cs\github\DependencyParser\DependencyParser\Program.cs(146,1): warning : SA1400: The method must have an access modifier. [C:\work\sonar-cs\github\DependencyParser\DependencyParser\target\sonar\stylecop-msbuild.xml]
[INFO] [23:21:52.651]   C:\work\sonar-cs\github\DependencyParser\DependencyParser\Program.cs(7,1): warning : SA1208: System using directives must be placed before all other using directives. [C:\work\sonar-cs\github\DependencyParser\DependencyParser\target\sonar\stylecop-msbuild.xml]
[INFO] [23:21:52.651]   C:\work\sonar-cs\github\DependencyParser\DependencyParser\Program.cs(258,1): warning : SA1107: A line may only contain a single statement. [C:\work\sonar-cs\github\DependencyParser\DependencyParser\target\sonar\stylecop-msbuild.xml]
[INFO] [23:21:52.651]   C:\work\sonar-cs\github\DependencyParser\DependencyParser\Program.cs(292,1): warning : SA1107: A line may only contain a single statement. [C:\work\sonar-cs\github\DependencyParser\DependencyParser\target\sonar\stylecop-msbuild.xml]
[INFO] [23:21:52.651]   C:\work\sonar-cs\github\DependencyParser\DependencyParser\WildcardPatternMatcher.cs(16,1): warning : SA1121: Use the built-in type alias 'string' rather than String or System.String. [C:\work\sonar-cs\github\DependencyParser\DependencyParser\target\sonar\stylecop-msbuild.xml]
[INFO] [23:21:52.651]   C:\work\sonar-cs\github\DependencyParser\DependencyParser\WildcardPatternMatcher.cs(18,1): warning : SA1121: Use the built-in type alias 'string' rather than String or System.String. [C:\work\sonar-cs\github\DependencyParser\DependencyParser\target\sonar\stylecop-msbuild.xml]
[INFO] [23:21:52.651]   C:\work\sonar-cs\github\DependencyParser\DependencyParser\WildcardPatternMatcher.cs(19,1): warning : SA1121: Use the built-in type alias 'string' rather than String or System.String. [C:\work\sonar-cs\github\DependencyParser\DependencyParser\target\sonar\stylecop-msbuild.xml]
[INFO] [23:21:52.651]   C:\work\sonar-cs\github\DependencyParser\DependencyParser\WildcardPatternMatcher.cs(18,1): warning : SA1107: A line may only contain a single statement. [C:\work\sonar-cs\github\DependencyParser\DependencyParser\target\sonar\stylecop-msbuild.xml]
[INFO] [23:21:52.651]   C:\work\sonar-cs\github\DependencyParser\DependencyParser\WildcardPatternMatcher.cs(21,1): warning : SA1107: A line may only contain a single statement. [C:\work\sonar-cs\github\DependencyParser\DependencyParser\target\sonar\stylecop-msbuild.xml]
[INFO] [23:21:52.651]   C:\work\sonar-cs\github\DependencyParser\DependencyParser\WildcardPatternMatcher.cs(24,1): warning : SA1107: A line may only contain a single statement. [C:\work\sonar-cs\github\DependencyParser\DependencyParser\target\sonar\stylecop-msbuild.xml]
[INFO] [23:21:52.652]   C:\work\sonar-cs\github\DependencyParser\DependencyParser\WildcardPatternMatcher.cs(26,1): warning : SA1107: A line may only contain a single statement. [C:\work\sonar-cs\github\DependencyParser\DependencyParser\target\sonar\stylecop-msbuild.xml]
[INFO] [23:21:52.652]   C:\work\sonar-cs\github\DependencyParser\DependencyParser\WildcardPatternMatcher.cs(28,1): warning : SA1107: A line may only contain a single statement. [C:\work\sonar-cs\github\DependencyParser\DependencyParser\target\sonar\stylecop-msbuild.xml]
[INFO] [23:21:52.652]   C:\work\sonar-cs\github\DependencyParser\DependencyParser\WildcardPatternMatcher.cs(30,1): warning : SA1107: A line may only contain a single statement. [C:\work\sonar-cs\github\DependencyParser\DependencyParser\target\sonar\stylecop-msbuild.xml]
[INFO] [23:21:52.652]   C:\work\sonar-cs\github\DependencyParser\DependencyParser\WildcardPatternMatcher.cs(33,1): warning : SA1107: A line may only contain a single statement. [C:\work\sonar-cs\github\DependencyParser\DependencyParser\target\sonar\stylecop-msbuild.xml]
[INFO] [23:21:52.652]   C:\work\sonar-cs\github\DependencyParser\DependencyParser\WildcardPatternMatcher.cs(36,1): warning : SA1107: A line may only contain a single statement. [C:\work\sonar-cs\github\DependencyParser\DependencyParser\target\sonar\stylecop-msbuild.xml]
[INFO] [23:21:52.652]   C:\work\sonar-cs\github\DependencyParser\DependencyParser\WildcardPatternMatcher.cs(39,1): warning : SA1107: A line may only contain a single statement. [C:\work\sonar-cs\github\DependencyParser\DependencyParser\target\sonar\stylecop-msbuild.xml]
[INFO] [23:21:52.652]   C:\work\sonar-cs\github\DependencyParser\DependencyParser\WildcardPatternMatcher.cs(42,1): warning : SA1107: A line may only contain a single statement. [C:\work\sonar-cs\github\DependencyParser\DependencyParser\target\sonar\stylecop-msbuild.xml]
[INFO] [23:21:52.652]   C:\work\sonar-cs\github\DependencyParser\DependencyParser\SourceRegistry.cs(32,1): warning : SA1107: A line may only contain a single statement. [C:\work\sonar-cs\github\DependencyParser\DependencyParser\target\sonar\stylecop-msbuild.xml]
[INFO] [23:21:52.652]   C:\work\sonar-cs\github\DependencyParser\DependencyParser\SourceRegistry.cs(38,1): warning : SA1107: A line may only contain a single statement. [C:\work\sonar-cs\github\DependencyParser\DependencyParser\target\sonar\stylecop-msbuild.xml]
[INFO] [23:21:52.652]   C:\work\sonar-cs\github\DependencyParser\DependencyParser\WildcardPatternMatcher.cs(14,1): warning : SA1121: Use the built-in type alias 'bool' rather than Boolean or System.Boolean. [C:\work\sonar-cs\github\DependencyParser\DependencyParser\target\sonar\stylecop-msbuild.xml]
[INFO] [23:21:52.652]   C:\work\sonar-cs\github\DependencyParser\DependencyParser\WildcardPatternMatcher.cs(14,1): warning : SA1121: Use the built-in type alias 'string' rather than String or System.String. [C:\work\sonar-cs\github\DependencyParser\DependencyParser\target\sonar\stylecop-msbuild.xml]
[INFO] [23:21:52.652]   C:\work\sonar-cs\github\DependencyParser\DependencyParser\WildcardPatternMatcher.cs(19,1): warning : SA1121: Use the built-in type alias 'char' rather than Char or System.Char. [C:\work\sonar-cs\github\DependencyParser\DependencyParser\target\sonar\stylecop-msbuild.xml]
[INFO] [23:21:52.652] 
[INFO] [23:21:52.652]     28 Warning(s)
[INFO] [23:21:52.652]     0 Error(s)
[INFO] [23:21:52.653] 
[INFO] [23:21:52.653] Time Elapsed 00:00:00.72
[DEBUG] [23:21:52.665] StyleCop report found at location C:\work\sonar-cs\github\DependencyParser\DependencyParser\target\sonar\stylecop-report.xml
[INFO] [23:21:52.766] Sensor org.sonar.plugins.csharp.stylecop.StyleCopSensor$RegularStyleCopSensor@4d540f1d done: 1156 ms
[INFO] [23:21:52.766] Sensor CpdSensor...
[INFO] [23:21:52.766] SonarBridgeEngine is used
[INFO] [23:21:52.782] Cross-project analysis disabled
[DEBUG] [23:21:52.792] Populating index from C:\work\sonar-cs\github\DependencyParser\DependencyParser\ArchitectureRule.cs
[WARN] [23:21:52.811] Unknown char: "" (file:/C:/work/sonar-cs/github/DependencyParser/DependencyParser/ArchitectureRule.cs:1:2)
[WARN] [23:21:52.811] Unknown char: "" (file:/C:/work/sonar-cs/github/DependencyParser/DependencyParser/ArchitectureRule.cs:1:3)
[DEBUG] [23:21:52.815] Populating index from C:\work\sonar-cs\github\DependencyParser\DependencyParser\ArchitectureRuleEngine.cs
[WARN] [23:21:52.827] Unknown char: "" (file:/C:/work/sonar-cs/github/DependencyParser/DependencyParser/ArchitectureRuleEngine.cs:1:2)
[WARN] [23:21:52.827] Unknown char: "" (file:/C:/work/sonar-cs/github/DependencyParser/DependencyParser/ArchitectureRuleEngine.cs:1:3)
[DEBUG] [23:21:52.832] Populating index from C:\work\sonar-cs\github\DependencyParser\DependencyParser\ArchitectureViolation.cs
[WARN] [23:21:52.842] Unknown char: "" (file:/C:/work/sonar-cs/github/DependencyParser/DependencyParser/ArchitectureViolation.cs:1:2)
[WARN] [23:21:52.842] Unknown char: "" (file:/C:/work/sonar-cs/github/DependencyParser/DependencyParser/ArchitectureViolation.cs:1:3)
[DEBUG] [23:21:52.845] Populating index from C:\work\sonar-cs\github\DependencyParser\DependencyParser\DependencyAnalyzer.cs
[WARN] [23:21:52.853] Unknown char: "" (file:/C:/work/sonar-cs/github/DependencyParser/DependencyParser/DependencyAnalyzer.cs:1:2)
[WARN] [23:21:52.853] Unknown char: "" (file:/C:/work/sonar-cs/github/DependencyParser/DependencyParser/DependencyAnalyzer.cs:1:3)
[DEBUG] [23:21:52.865] Populating index from C:\work\sonar-cs\github\DependencyParser\DependencyParser\DesignMeasures.cs
[WARN] [23:21:52.873] Unknown char: "" (file:/C:/work/sonar-cs/github/DependencyParser/DependencyParser/DesignMeasures.cs:1:2)
[WARN] [23:21:52.873] Unknown char: "" (file:/C:/work/sonar-cs/github/DependencyParser/DependencyParser/DesignMeasures.cs:1:3)
[DEBUG] [23:21:52.885] Populating index from C:\work\sonar-cs\github\DependencyParser\DependencyParser\DethOfInheritanceTreeAnalyzer.cs
[WARN] [23:21:52.894] Unknown char: "" (file:/C:/work/sonar-cs/github/DependencyParser/DependencyParser/DethOfInheritanceTreeAnalyzer.cs:1:2)
[WARN] [23:21:52.894] Unknown char: "" (file:/C:/work/sonar-cs/github/DependencyParser/DependencyParser/DethOfInheritanceTreeAnalyzer.cs:1:3)
[DEBUG] [23:21:52.896] Populating index from C:\work\sonar-cs\github\DependencyParser\DependencyParser\Lcom4Analyzer.cs
[WARN] [23:21:52.905] Unknown char: "" (file:/C:/work/sonar-cs/github/DependencyParser/DependencyParser/Lcom4Analyzer.cs:1:2)
[WARN] [23:21:52.905] Unknown char: "" (file:/C:/work/sonar-cs/github/DependencyParser/DependencyParser/Lcom4Analyzer.cs:1:3)
[DEBUG] [23:21:52.921] Populating index from C:\work\sonar-cs\github\DependencyParser\DependencyParser\Program.cs
[WARN] [23:21:52.929] Unknown char: "" (file:/C:/work/sonar-cs/github/DependencyParser/DependencyParser/Program.cs:1:2)
[WARN] [23:21:52.929] Unknown char: "" (file:/C:/work/sonar-cs/github/DependencyParser/DependencyParser/Program.cs:1:3)
[DEBUG] [23:21:52.963] Populating index from C:\work\sonar-cs\github\DependencyParser\DependencyParser\Properties\AssemblyInfo.cs
[WARN] [23:21:52.968] Unknown char: "" (file:/C:/work/sonar-cs/github/DependencyParser/DependencyParser/Properties/AssemblyInfo.cs:1:2)
[WARN] [23:21:52.968] Unknown char: "" (file:/C:/work/sonar-cs/github/DependencyParser/DependencyParser/Properties/AssemblyInfo.cs:1:3)
[DEBUG] [23:21:52.970] Populating index from C:\work\sonar-cs\github\DependencyParser\DependencyParser\ResponseForClassAnalyzer.cs
[WARN] [23:21:52.976] Unknown char: "" (file:/C:/work/sonar-cs/github/DependencyParser/DependencyParser/ResponseForClassAnalyzer.cs:1:2)
[WARN] [23:21:52.976] Unknown char: "" (file:/C:/work/sonar-cs/github/DependencyParser/DependencyParser/ResponseForClassAnalyzer.cs:1:3)
[DEBUG] [23:21:52.979] Populating index from C:\work\sonar-cs\github\DependencyParser\DependencyParser\SourceHelper.cs
[WARN] [23:21:52.985] Unknown char: "" (file:/C:/work/sonar-cs/github/DependencyParser/DependencyParser/SourceHelper.cs:1:2)
[WARN] [23:21:52.985] Unknown char: "" (file:/C:/work/sonar-cs/github/DependencyParser/DependencyParser/SourceHelper.cs:1:3)
[DEBUG] [23:21:52.991] Populating index from C:\work\sonar-cs\github\DependencyParser\DependencyParser\SourceRegistry.cs
[WARN] [23:21:52.996] Unknown char: "" (file:/C:/work/sonar-cs/github/DependencyParser/DependencyParser/SourceRegistry.cs:1:2)
[WARN] [23:21:52.997] Unknown char: "" (file:/C:/work/sonar-cs/github/DependencyParser/DependencyParser/SourceRegistry.cs:1:3)
[DEBUG] [23:21:53.000] Populating index from C:\work\sonar-cs\github\DependencyParser\DependencyParser\WildcardPatternMatcher.cs
[WARN] [23:21:53.005] Unknown char: "" (file:/C:/work/sonar-cs/github/DependencyParser/DependencyParser/WildcardPatternMatcher.cs:1:2)
[WARN] [23:21:53.005] Unknown char: "" (file:/C:/work/sonar-cs/github/DependencyParser/DependencyParser/WildcardPatternMatcher.cs:1:3)
[DEBUG] [23:21:53.011] Detection of duplications for C:\work\sonar-cs\github\DependencyParser\DependencyParser\ArchitectureRule.cs
[DEBUG] [23:21:53.042] Detection of duplications for C:\work\sonar-cs\github\DependencyParser\DependencyParser\ArchitectureRuleEngine.cs
[DEBUG] [23:21:53.043] Detection of duplications for C:\work\sonar-cs\github\DependencyParser\DependencyParser\ArchitectureViolation.cs
[DEBUG] [23:21:53.044] Detection of duplications for C:\work\sonar-cs\github\DependencyParser\DependencyParser\DependencyAnalyzer.cs
[DEBUG] [23:21:53.045] Detection of duplications for C:\work\sonar-cs\github\DependencyParser\DependencyParser\DesignMeasures.cs
[DEBUG] [23:21:53.047] Detection of duplications for C:\work\sonar-cs\github\DependencyParser\DependencyParser\DethOfInheritanceTreeAnalyzer.cs
[DEBUG] [23:21:53.049] Detection of duplications for C:\work\sonar-cs\github\DependencyParser\DependencyParser\Lcom4Analyzer.cs
[DEBUG] [23:21:53.051] Detection of duplications for C:\work\sonar-cs\github\DependencyParser\DependencyParser\Program.cs
[DEBUG] [23:21:53.055] Detection of duplications for C:\work\sonar-cs\github\DependencyParser\DependencyParser\Properties\AssemblyInfo.cs
[DEBUG] [23:21:53.056] Detection of duplications for C:\work\sonar-cs\github\DependencyParser\DependencyParser\ResponseForClassAnalyzer.cs
[DEBUG] [23:21:53.057] Detection of duplications for C:\work\sonar-cs\github\DependencyParser\DependencyParser\SourceHelper.cs
[DEBUG] [23:21:53.057] Detection of duplications for C:\work\sonar-cs\github\DependencyParser\DependencyParser\SourceRegistry.cs
[DEBUG] [23:21:53.058] Detection of duplications for C:\work\sonar-cs\github\DependencyParser\DependencyParser\WildcardPatternMatcher.cs
[INFO] [23:21:53.059] Sensor CpdSensor done: 293 ms
[INFO] [23:21:53.059] Sensor ProfileSensor...
[INFO] [23:21:53.969] Sensor ProfileSensor done: 910 ms
[INFO] [23:21:53.969] Sensor ProfileEventsSensor...
[INFO] [23:21:54.011] Sensor ProfileEventsSensor done: 42 ms
[INFO] [23:21:54.011] Sensor ProjectLinksSensor...
[INFO] [23:21:54.024] Sensor ProjectLinksSensor done: 13 ms
[INFO] [23:21:54.024] Sensor VersionEventsSensor...
[INFO] [23:21:54.053] Sensor VersionEventsSensor done: 29 ms
[INFO] [23:21:54.054] Sensor org.sonar.plugins.csharp.gallio.CoverageReportSensor@6b3a7eb2...
[DEBUG] [23:21:54.072] 
rootCursor is at : CoverageSession
[DEBUG] [23:21:54.083] Visible version is : null
[DEBUG] [23:21:54.084] Not using PartCover 2.3 report format
[DEBUG] [23:21:54.084] Visible version is : null
[DEBUG] [23:21:54.084] Not using PartCover 2.2 report format2
[DEBUG] [23:21:54.089] Release semaphore on project : org.sonar.api.resources.Project@1d569936[id=2512,key=org.codehaus.sonar-plugins.dotnet.tools:ndeps,qualifier=TRK], with key batch-org.codehaus.sonar-plugins.dotnet.tools:ndeps
[DEBUG] [23:21:57.596] Delete temporary directory: C:\Users\FAMILL~1\AppData\Local\Temp\sonar-batch3612550591009784565229800769615556
[DEBUG] [23:21:57.738] Delete temporary directory: C:\Users\FAMILL~1\AppData\Local\Temp\sonar-batch3711854233345421905229870404536667
[INFO] ------------------------------------------------------------------------
[INFO] BUILD FAILURE
[INFO] ------------------------------------------------------------------------
[INFO] Total time: 34.258s
[INFO] Finished at: Sat Feb 16 23:21:57 CET 2013
[INFO] Final Memory: 23M/317M
[INFO] ------------------------------------------------------------------------
[ERROR] Failed to execute goal org.codehaus.mojo:sonar-maven-plugin:2.0:sonar (default-cli) on project ndeps: Can not execute Sonar: Can not iterate children: cursor does not point to a start element (state CLOSED) -> [Help 1]
org.apache.maven.lifecycle.LifecycleExecutionException: Failed to execute goal org.codehaus.mojo:sonar-maven-plugin:2.0:sonar (default-cli) on project ndeps: Can not execute Sonar
	at org.apache.maven.lifecycle.internal.MojoExecutor.execute(MojoExecutor.java:217)
	at org.apache.maven.lifecycle.internal.MojoExecutor.execute(MojoExecutor.java:153)
	at org.apache.maven.lifecycle.internal.MojoExecutor.execute(MojoExecutor.java:145)
	at org.apache.maven.lifecycle.internal.LifecycleModuleBuilder.buildProject(LifecycleModuleBuilder.java:84)
	at org.apache.maven.lifecycle.internal.LifecycleModuleBuilder.buildProject(LifecycleModuleBuilder.java:59)
	at org.apache.maven.lifecycle.internal.LifecycleStarter.singleThreadedBuild(LifecycleStarter.java:183)
	at org.apache.maven.lifecycle.internal.LifecycleStarter.execute(LifecycleStarter.java:161)
	at org.apache.maven.DefaultMaven.doExecute(DefaultMaven.java:319)
	at org.apache.maven.DefaultMaven.execute(DefaultMaven.java:156)
	at org.apache.maven.cli.MavenCli.execute(MavenCli.java:537)
	at org.apache.maven.cli.MavenCli.doMain(MavenCli.java:196)
	at org.apache.maven.cli.MavenCli.main(MavenCli.java:141)
	at sun.reflect.NativeMethodAccessorImpl.invoke0(Native Method)
	at sun.reflect.NativeMethodAccessorImpl.invoke(NativeMethodAccessorImpl.java:39)
	at sun.reflect.DelegatingMethodAccessorImpl.invoke(DelegatingMethodAccessorImpl.java:25)
	at java.lang.reflect.Method.invoke(Method.java:597)
	at org.codehaus.plexus.classworlds.launcher.Launcher.launchEnhanced(Launcher.java:290)
	at org.codehaus.plexus.classworlds.launcher.Launcher.launch(Launcher.java:230)
	at org.codehaus.plexus.classworlds.launcher.Launcher.mainWithExitCode(Launcher.java:409)
	at org.codehaus.plexus.classworlds.launcher.Launcher.main(Launcher.java:352)
Caused by: org.apache.maven.plugin.MojoExecutionException: Can not execute Sonar
	at org.codehaus.mojo.sonar.Bootstraper.executeMojo(Bootstraper.java:118)
	at org.codehaus.mojo.sonar.Bootstraper.start(Bootstraper.java:65)
	at org.codehaus.mojo.sonar.SonarMojo.execute(SonarMojo.java:90)
	at org.apache.maven.plugin.DefaultBuildPluginManager.executeMojo(DefaultBuildPluginManager.java:101)
	at org.apache.maven.lifecycle.internal.MojoExecutor.execute(MojoExecutor.java:209)
	... 19 more
Caused by: java.lang.IllegalStateException: Can not iterate children: cursor does not point to a start element (state CLOSED)
	at org.codehaus.staxmate.in.SMInputCursor.childCursor(SMInputCursor.java:1659)
	at org.codehaus.staxmate.in.SMInputCursor.childElementCursor(SMInputCursor.java:1756)
	at org.sonar.plugins.csharp.gallio.results.coverage.OpenCoverParsingStrategy.parse(OpenCoverParsingStrategy.java:63)
	at org.sonar.plugins.csharp.gallio.results.coverage.CoverageResultParser.parse(CoverageResultParser.java:103)
	at org.sonar.plugins.csharp.gallio.CoverageReportSensor.parseAndSaveCoverageResults(CoverageReportSensor.java:160)
	at org.sonar.plugins.csharp.gallio.CoverageReportSensor.analyseUnitCoverage(CoverageReportSensor.java:112)
	at org.sonar.plugins.csharp.gallio.CoverageReportSensor.analyse(CoverageReportSensor.java:101)
	at org.sonar.batch.phases.SensorsExecutor.execute(SensorsExecutor.java:64)
	at org.sonar.batch.phases.Phases.execute(Phases.java:91)
	at org.sonar.batch.bootstrap.ProjectModule.doStart(ProjectModule.java:129)
	at org.sonar.batch.bootstrap.Module.start(Module.java:68)
	at org.sonar.batch.bootstrap.BatchModule.analyze(BatchModule.java:147)
	at org.sonar.batch.bootstrap.BatchModule.analyze(BatchModule.java:141)
	at org.sonar.batch.bootstrap.BatchModule.doStart(BatchModule.java:136)
	at org.sonar.batch.bootstrap.Module.start(Module.java:68)
	at org.sonar.batch.bootstrap.BootstrapModule.doStart(BootstrapModule.java:83)
	at org.sonar.batch.bootstrap.Module.start(Module.java:68)
	at org.sonar.batch.bootstrapper.Batch.startBatch(Batch.java:75)
	at org.sonar.batch.bootstrapper.Batch.execute(Batch.java:60)
	at org.sonar.maven3.SonarMojo.execute(SonarMojo.java:142)
	at org.codehaus.mojo.sonar.Bootstraper.executeMojo(Bootstraper.java:113)
	... 23 more
[ERROR] 
[ERROR] 
[ERROR] For more information about the errors and possible solutions, please read the following articles:
[ERROR] [Help 1] http://cwiki.apache.org/confluence/display/MAVEN/MojoExecutionException
